[35mlogback-[0;39m [31m2020-12-11 09:53:37[0;39m [32m[restartedMain][0;39m [34mINFO [0;39m [1;35mcom.cloud.music.MusicApplication[0;39m - [33mStarting MusicApplication on Lenovo-E450-PC with PID 1952 (E:\IdeaProjects\music\target\classes started by Administrator in E:\IdeaProjects\music)
[0;39m[35mlogback-[0;39m [31m2020-12-11 09:53:37[0;39m [32m[restartedMain][0;39m [34mINFO [0;39m [1;35mcom.cloud.music.MusicApplication[0;39m - [33mNo active profile set, falling back to default profiles: default
[0;39m[35mlogback-[0;39m [31m2020-12-11 09:53:37[0;39m [32m[restartedMain][0;39m [34mINFO [0;39m [1;35mo.s.b.d.e.DevToolsPropertyDefaultsPostProcessor[0;39m - [33mDevtools property defaults active! Set 'spring.devtools.add-properties' to 'false' to disable
[0;39m[35mlogback-[0;39m [31m2020-12-11 09:53:37[0;39m [32m[restartedMain][0;39m [34mINFO [0;39m [1;35mo.s.b.d.e.DevToolsPropertyDefaultsPostProcessor[0;39m - [33mFor additional web related logging consider setting the 'logging.level.web' property to 'DEBUG'
[0;39m[35mlogback-[0;39m [31m2020-12-11 09:53:41[0;39m [32m[restartedMain][0;39m [34mINFO [0;39m [1;35mo.s.b.w.e.tomcat.TomcatWebServer[0;39m - [33mTomcat initialized with port(s): 8088 (http)
[0;39m[35mlogback-[0;39m [31m2020-12-11 09:53:41[0;39m [32m[restartedMain][0;39m [34mINFO [0;39m [1;35mo.a.coyote.http11.Http11NioProtocol[0;39m - [33mInitializing ProtocolHandler ["http-nio-8088"]
[0;39m[35mlogback-[0;39m [31m2020-12-11 09:53:41[0;39m [32m[restartedMain][0;39m [34mINFO [0;39m [1;35mo.a.catalina.core.StandardService[0;39m - [33mStarting service [Tomcat]
[0;39m[35mlogback-[0;39m [31m2020-12-11 09:53:41[0;39m [32m[restartedMain][0;39m [34mINFO [0;39m [1;35mo.a.catalina.core.StandardEngine[0;39m - [33mStarting Servlet engine: [Apache Tomcat/9.0.38]
[0;39m[35mlogback-[0;39m [31m2020-12-11 09:53:41[0;39m [32m[restartedMain][0;39m [34mINFO [0;39m [1;35mo.a.c.c.C.[Tomcat].[localhost].[/][0;39m - [33mInitializing Spring embedded WebApplicationContext
[0;39m[35mlogback-[0;39m [31m2020-12-11 09:53:41[0;39m [32m[restartedMain][0;39m [34mINFO [0;39m [1;35mo.s.b.w.s.c.ServletWebServerApplicationContext[0;39m - [33mRoot WebApplicationContext: initialization completed in 4029 ms
[0;39m[35mlogback-[0;39m [31m2020-12-11 09:53:50[0;39m [32m[restartedMain][0;39m [34mINFO [0;39m [1;35mo.s.s.c.ThreadPoolTaskExecutor[0;39m - [33mInitializing ExecutorService 'applicationTaskExecutor'
[0;39m[35mlogback-[0;39m [31m2020-12-11 09:53:50[0;39m [32m[restartedMain][0;39m [34mINFO [0;39m [1;35mo.s.b.d.a.OptionalLiveReloadServer[0;39m - [33mLiveReload server is running on port 35729
[0;39m[35mlogback-[0;39m [31m2020-12-11 09:53:51[0;39m [32m[restartedMain][0;39m [34mINFO [0;39m [1;35mo.a.coyote.http11.Http11NioProtocol[0;39m - [33mStarting ProtocolHandler ["http-nio-8088"]
[0;39m[35mlogback-[0;39m [31m2020-12-11 09:53:51[0;39m [32m[restartedMain][0;39m [34mINFO [0;39m [1;35mo.s.b.w.e.tomcat.TomcatWebServer[0;39m - [33mTomcat started on port(s): 8088 (http) with context path ''
[0;39m[35mlogback-[0;39m [31m2020-12-11 09:53:51[0;39m [32m[restartedMain][0;39m [34mINFO [0;39m [1;35mcom.cloud.music.MusicApplication[0;39m - [33mStarted MusicApplication in 15.974 seconds (JVM running for 20.85)
[0;39m[35mlogback-[0;39m [31m2020-12-11 09:59:12[0;39m [32m[restartedMain][0;39m [34mINFO [0;39m [1;35mcom.cloud.music.MusicApplication[0;39m - [33mStarting MusicApplication on Lenovo-E450-PC with PID 11100 (E:\IdeaProjects\music\target\classes started by Administrator in E:\IdeaProjects\music)
[0;39m[35mlogback-[0;39m [31m2020-12-11 09:59:12[0;39m [32m[restartedMain][0;39m [34mINFO [0;39m [1;35mcom.cloud.music.MusicApplication[0;39m - [33mNo active profile set, falling back to default profiles: default
[0;39m[35mlogback-[0;39m [31m2020-12-11 09:59:12[0;39m [32m[restartedMain][0;39m [34mINFO [0;39m [1;35mo.s.b.d.e.DevToolsPropertyDefaultsPostProcessor[0;39m - [33mDevtools property defaults active! Set 'spring.devtools.add-properties' to 'false' to disable
[0;39m[35mlogback-[0;39m [31m2020-12-11 09:59:12[0;39m [32m[restartedMain][0;39m [34mINFO [0;39m [1;35mo.s.b.d.e.DevToolsPropertyDefaultsPostProcessor[0;39m - [33mFor additional web related logging consider setting the 'logging.level.web' property to 'DEBUG'
[0;39m[35mlogback-[0;39m [31m2020-12-11 09:59:15[0;39m [32m[restartedMain][0;39m [34mINFO [0;39m [1;35mo.s.b.w.e.tomcat.TomcatWebServer[0;39m - [33mTomcat initialized with port(s): 8088 (http)
[0;39m[35mlogback-[0;39m [31m2020-12-11 09:59:15[0;39m [32m[restartedMain][0;39m [34mINFO [0;39m [1;35mo.a.coyote.http11.Http11NioProtocol[0;39m - [33mInitializing ProtocolHandler ["http-nio-8088"]
[0;39m[35mlogback-[0;39m [31m2020-12-11 09:59:15[0;39m [32m[restartedMain][0;39m [34mINFO [0;39m [1;35mo.a.catalina.core.StandardService[0;39m - [33mStarting service [Tomcat]
[0;39m[35mlogback-[0;39m [31m2020-12-11 09:59:15[0;39m [32m[restartedMain][0;39m [34mINFO [0;39m [1;35mo.a.catalina.core.StandardEngine[0;39m - [33mStarting Servlet engine: [Apache Tomcat/9.0.38]
[0;39m[35mlogback-[0;39m [31m2020-12-11 09:59:15[0;39m [32m[restartedMain][0;39m [34mINFO [0;39m [1;35mo.a.c.c.C.[Tomcat].[localhost].[/][0;39m - [33mInitializing Spring embedded WebApplicationContext
[0;39m[35mlogback-[0;39m [31m2020-12-11 09:59:15[0;39m [32m[restartedMain][0;39m [34mINFO [0;39m [1;35mo.s.b.w.s.c.ServletWebServerApplicationContext[0;39m - [33mRoot WebApplicationContext: initialization completed in 2707 ms
[0;39m[35mlogback-[0;39m [31m2020-12-11 09:59:18[0;39m [32m[restartedMain][0;39m [34mINFO [0;39m [1;35mo.s.s.c.ThreadPoolTaskExecutor[0;39m - [33mInitializing ExecutorService 'applicationTaskExecutor'
[0;39m[35mlogback-[0;39m [31m2020-12-11 09:59:18[0;39m [32m[restartedMain][0;39m [34mINFO [0;39m [1;35mo.s.b.d.a.OptionalLiveReloadServer[0;39m - [33mLiveReload server is running on port 35729
[0;39m[35mlogback-[0;39m [31m2020-12-11 09:59:18[0;39m [32m[restartedMain][0;39m [34mINFO [0;39m [1;35mo.a.coyote.http11.Http11NioProtocol[0;39m - [33mStarting ProtocolHandler ["http-nio-8088"]
[0;39m[35mlogback-[0;39m [31m2020-12-11 09:59:19[0;39m [32m[restartedMain][0;39m [34mINFO [0;39m [1;35mo.s.b.w.e.tomcat.TomcatWebServer[0;39m - [33mTomcat started on port(s): 8088 (http) with context path ''
[0;39m[35mlogback-[0;39m [31m2020-12-11 09:59:19[0;39m [32m[restartedMain][0;39m [34mINFO [0;39m [1;35mcom.cloud.music.MusicApplication[0;39m - [33mStarted MusicApplication in 8.097 seconds (JVM running for 12.593)
[0;39m[35mlogback-[0;39m [31m2020-12-11 10:03:50[0;39m [32m[restartedMain][0;39m [34mINFO [0;39m [1;35mcom.cloud.music.MusicApplication[0;39m - [33mStarting MusicApplication on Lenovo-E450-PC with PID 13160 (E:\IdeaProjects\music\target\classes started by Administrator in E:\IdeaProjects\music)
[0;39m[35mlogback-[0;39m [31m2020-12-11 10:03:50[0;39m [32m[restartedMain][0;39m [34mINFO [0;39m [1;35mcom.cloud.music.MusicApplication[0;39m - [33mNo active profile set, falling back to default profiles: default
[0;39m[35mlogback-[0;39m [31m2020-12-11 10:03:50[0;39m [32m[restartedMain][0;39m [34mINFO [0;39m [1;35mo.s.b.d.e.DevToolsPropertyDefaultsPostProcessor[0;39m - [33mDevtools property defaults active! Set 'spring.devtools.add-properties' to 'false' to disable
[0;39m[35mlogback-[0;39m [31m2020-12-11 10:03:50[0;39m [32m[restartedMain][0;39m [34mINFO [0;39m [1;35mo.s.b.d.e.DevToolsPropertyDefaultsPostProcessor[0;39m - [33mFor additional web related logging consider setting the 'logging.level.web' property to 'DEBUG'
[0;39m[35mlogback-[0;39m [31m2020-12-11 10:03:52[0;39m [32m[restartedMain][0;39m [34mINFO [0;39m [1;35mo.s.b.w.e.tomcat.TomcatWebServer[0;39m - [33mTomcat initialized with port(s): 8088 (http)
[0;39m[35mlogback-[0;39m [31m2020-12-11 10:03:52[0;39m [32m[restartedMain][0;39m [34mINFO [0;39m [1;35mo.a.coyote.http11.Http11NioProtocol[0;39m - [33mInitializing ProtocolHandler ["http-nio-8088"]
[0;39m[35mlogback-[0;39m [31m2020-12-11 10:03:52[0;39m [32m[restartedMain][0;39m [34mINFO [0;39m [1;35mo.a.catalina.core.StandardService[0;39m - [33mStarting service [Tomcat]
[0;39m[35mlogback-[0;39m [31m2020-12-11 10:03:52[0;39m [32m[restartedMain][0;39m [34mINFO [0;39m [1;35mo.a.catalina.core.StandardEngine[0;39m - [33mStarting Servlet engine: [Apache Tomcat/9.0.38]
[0;39m[35mlogback-[0;39m [31m2020-12-11 10:03:53[0;39m [32m[restartedMain][0;39m [34mINFO [0;39m [1;35mo.a.c.c.C.[Tomcat].[localhost].[/][0;39m - [33mInitializing Spring embedded WebApplicationContext
[0;39m[35mlogback-[0;39m [31m2020-12-11 10:03:53[0;39m [32m[restartedMain][0;39m [34mINFO [0;39m [1;35mo.s.b.w.s.c.ServletWebServerApplicationContext[0;39m - [33mRoot WebApplicationContext: initialization completed in 2164 ms
[0;39m[35mlogback-[0;39m [31m2020-12-11 10:03:56[0;39m [32m[restartedMain][0;39m [34mINFO [0;39m [1;35mo.s.s.c.ThreadPoolTaskExecutor[0;39m - [33mInitializing ExecutorService 'applicationTaskExecutor'
[0;39m[35mlogback-[0;39m [31m2020-12-11 10:03:57[0;39m [32m[restartedMain][0;39m [34mINFO [0;39m [1;35mo.s.b.d.a.OptionalLiveReloadServer[0;39m - [33mLiveReload server is running on port 35729
[0;39m[35mlogback-[0;39m [31m2020-12-11 10:03:57[0;39m [32m[restartedMain][0;39m [34mINFO [0;39m [1;35mo.a.coyote.http11.Http11NioProtocol[0;39m - [33mStarting ProtocolHandler ["http-nio-8088"]
[0;39m[35mlogback-[0;39m [31m2020-12-11 10:03:57[0;39m [32m[restartedMain][0;39m [34mINFO [0;39m [1;35mo.s.b.w.e.tomcat.TomcatWebServer[0;39m - [33mTomcat started on port(s): 8088 (http) with context path ''
[0;39m[35mlogback-[0;39m [31m2020-12-11 10:03:57[0;39m [32m[restartedMain][0;39m [34mINFO [0;39m [1;35mcom.cloud.music.MusicApplication[0;39m - [33mStarted MusicApplication in 8.457 seconds (JVM running for 12.39)
[0;39m[35mlogback-[0;39m [31m2020-12-11 10:26:54[0;39m [32m[http-nio-8088-exec-1][0;39m [34mINFO [0;39m [1;35mo.a.c.c.C.[Tomcat].[localhost].[/][0;39m - [33mInitializing Spring DispatcherServlet 'dispatcherServlet'
[0;39m[35mlogback-[0;39m [31m2020-12-11 10:26:54[0;39m [32m[http-nio-8088-exec-1][0;39m [34mINFO [0;39m [1;35mo.s.web.servlet.DispatcherServlet[0;39m - [33mInitializing Servlet 'dispatcherServlet'
[0;39m[35mlogback-[0;39m [31m2020-12-11 10:26:54[0;39m [32m[http-nio-8088-exec-1][0;39m [34mINFO [0;39m [1;35mo.s.web.servlet.DispatcherServlet[0;39m - [33mCompleted initialization in 9 ms
[0;39m[35mlogback-[0;39m [31m2020-12-11 10:26:54[0;39m [32m[http-nio-8088-exec-1][0;39m [34mINFO [0;39m [1;35mc.alibaba.druid.pool.DruidDataSource[0;39m - [33m{dataSource-1} inited
[0;39m[35mlogback-[0;39m [31m2020-12-11 10:34:44[0;39m [32m[Thread-18][0;39m [34mINFO [0;39m [1;35mo.s.s.c.ThreadPoolTaskExecutor[0;39m - [33mShutting down ExecutorService 'applicationTaskExecutor'
[0;39m[35mlogback-[0;39m [31m2020-12-11 10:34:44[0;39m [32m[Thread-18][0;39m [34mINFO [0;39m [1;35mc.alibaba.druid.pool.DruidDataSource[0;39m - [33m{dataSource-1} closed
[0;39m[35mlogback-[0;39m [31m2020-12-11 10:34:44[0;39m [32m[restartedMain][0;39m [34mINFO [0;39m [1;35mcom.cloud.music.MusicApplication[0;39m - [33mStarting MusicApplication on Lenovo-E450-PC with PID 13160 (E:\IdeaProjects\music\target\classes started by Administrator in E:\IdeaProjects\music)
[0;39m[35mlogback-[0;39m [31m2020-12-11 10:34:44[0;39m [32m[restartedMain][0;39m [34mINFO [0;39m [1;35mcom.cloud.music.MusicApplication[0;39m - [33mNo active profile set, falling back to default profiles: default
[0;39m[35mlogback-[0;39m [31m2020-12-11 10:34:45[0;39m [32m[restartedMain][0;39m [34mINFO [0;39m [1;35mo.s.b.w.e.tomcat.TomcatWebServer[0;39m - [33mTomcat initialized with port(s): 8088 (http)
[0;39m[35mlogback-[0;39m [31m2020-12-11 10:34:45[0;39m [32m[restartedMain][0;39m [34mINFO [0;39m [1;35mo.a.coyote.http11.Http11NioProtocol[0;39m - [33mInitializing ProtocolHandler ["http-nio-8088"]
[0;39m[35mlogback-[0;39m [31m2020-12-11 10:34:45[0;39m [32m[restartedMain][0;39m [34mINFO [0;39m [1;35mo.a.catalina.core.StandardService[0;39m - [33mStarting service [Tomcat]
[0;39m[35mlogback-[0;39m [31m2020-12-11 10:34:45[0;39m [32m[restartedMain][0;39m [34mINFO [0;39m [1;35mo.a.catalina.core.StandardEngine[0;39m - [33mStarting Servlet engine: [Apache Tomcat/9.0.38]
[0;39m[35mlogback-[0;39m [31m2020-12-11 10:34:45[0;39m [32m[restartedMain][0;39m [34mINFO [0;39m [1;35mo.a.c.c.C.[Tomcat].[localhost].[/][0;39m - [33mInitializing Spring embedded WebApplicationContext
[0;39m[35mlogback-[0;39m [31m2020-12-11 10:34:45[0;39m [32m[restartedMain][0;39m [34mINFO [0;39m [1;35mo.s.b.w.s.c.ServletWebServerApplicationContext[0;39m - [33mRoot WebApplicationContext: initialization completed in 1054 ms
[0;39m[35mlogback-[0;39m [31m2020-12-11 10:34:45[0;39m [32m[restartedMain][0;39m [34mINFO [0;39m [1;35mo.a.catalina.core.StandardService[0;39m - [33mStopping service [Tomcat]
[0;39m[35mlogback-[0;39m [31m2020-12-11 10:34:45[0;39m [32m[restartedMain][0;39m [34mINFO [0;39m [1;35mo.s.b.a.l.ConditionEvaluationReportLoggingListener[0;39m - [33m

Error starting ApplicationContext. To display the conditions report re-run your application with 'debug' enabled.
[0;39m[35mlogback-[0;39m [31m2020-12-11 10:34:54[0;39m [32m[restartedMain][0;39m [34mINFO [0;39m [1;35mcom.cloud.music.MusicApplication[0;39m - [33mStarting MusicApplication on Lenovo-E450-PC with PID 13160 (E:\IdeaProjects\music\target\classes started by Administrator in E:\IdeaProjects\music)
[0;39m[35mlogback-[0;39m [31m2020-12-11 10:34:54[0;39m [32m[restartedMain][0;39m [34mINFO [0;39m [1;35mcom.cloud.music.MusicApplication[0;39m - [33mNo active profile set, falling back to default profiles: default
[0;39m[35mlogback-[0;39m [31m2020-12-11 10:34:55[0;39m [32m[restartedMain][0;39m [34mINFO [0;39m [1;35mo.s.b.w.e.tomcat.TomcatWebServer[0;39m - [33mTomcat initialized with port(s): 8088 (http)
[0;39m[35mlogback-[0;39m [31m2020-12-11 10:34:55[0;39m [32m[restartedMain][0;39m [34mINFO [0;39m [1;35mo.a.coyote.http11.Http11NioProtocol[0;39m - [33mInitializing ProtocolHandler ["http-nio-8088"]
[0;39m[35mlogback-[0;39m [31m2020-12-11 10:34:55[0;39m [32m[restartedMain][0;39m [34mINFO [0;39m [1;35mo.a.catalina.core.StandardService[0;39m - [33mStarting service [Tomcat]
[0;39m[35mlogback-[0;39m [31m2020-12-11 10:34:55[0;39m [32m[restartedMain][0;39m [34mINFO [0;39m [1;35mo.a.catalina.core.StandardEngine[0;39m - [33mStarting Servlet engine: [Apache Tomcat/9.0.38]
[0;39m[35mlogback-[0;39m [31m2020-12-11 10:34:55[0;39m [32m[restartedMain][0;39m [34mINFO [0;39m [1;35mo.a.c.c.C.[Tomcat-1].[localhost].[/][0;39m - [33mInitializing Spring embedded WebApplicationContext
[0;39m[35mlogback-[0;39m [31m2020-12-11 10:34:55[0;39m [32m[restartedMain][0;39m [34mINFO [0;39m [1;35mo.s.b.w.s.c.ServletWebServerApplicationContext[0;39m - [33mRoot WebApplicationContext: initialization completed in 1705 ms
[0;39m[35mlogback-[0;39m [31m2020-12-11 10:34:56[0;39m [32m[restartedMain][0;39m [34mINFO [0;39m [1;35mo.a.catalina.core.StandardService[0;39m - [33mStopping service [Tomcat]
[0;39m[35mlogback-[0;39m [31m2020-12-11 10:34:56[0;39m [32m[restartedMain][0;39m [34mINFO [0;39m [1;35mo.s.b.a.l.ConditionEvaluationReportLoggingListener[0;39m - [33m

Error starting ApplicationContext. To display the conditions report re-run your application with 'debug' enabled.
[0;39m[35mlogback-[0;39m [31m2020-12-11 10:34:59[0;39m [32m[restartedMain][0;39m [34mINFO [0;39m [1;35mcom.cloud.music.MusicApplication[0;39m - [33mStarting MusicApplication on Lenovo-E450-PC with PID 13160 (E:\IdeaProjects\music\target\classes started by Administrator in E:\IdeaProjects\music)
[0;39m[35mlogback-[0;39m [31m2020-12-11 10:34:59[0;39m [32m[restartedMain][0;39m [34mINFO [0;39m [1;35mcom.cloud.music.MusicApplication[0;39m - [33mNo active profile set, falling back to default profiles: default
[0;39m[35mlogback-[0;39m [31m2020-12-11 10:35:01[0;39m [32m[restartedMain][0;39m [34mINFO [0;39m [1;35mo.s.b.w.e.tomcat.TomcatWebServer[0;39m - [33mTomcat initialized with port(s): 8088 (http)
[0;39m[35mlogback-[0;39m [31m2020-12-11 10:35:01[0;39m [32m[restartedMain][0;39m [34mINFO [0;39m [1;35mo.a.coyote.http11.Http11NioProtocol[0;39m - [33mInitializing ProtocolHandler ["http-nio-8088"]
[0;39m[35mlogback-[0;39m [31m2020-12-11 10:35:01[0;39m [32m[restartedMain][0;39m [34mINFO [0;39m [1;35mo.a.catalina.core.StandardService[0;39m - [33mStarting service [Tomcat]
[0;39m[35mlogback-[0;39m [31m2020-12-11 10:35:01[0;39m [32m[restartedMain][0;39m [34mINFO [0;39m [1;35mo.a.catalina.core.StandardEngine[0;39m - [33mStarting Servlet engine: [Apache Tomcat/9.0.38]
[0;39m[35mlogback-[0;39m [31m2020-12-11 10:35:01[0;39m [32m[restartedMain][0;39m [34mINFO [0;39m [1;35mo.a.c.c.C.[Tomcat-2].[localhost].[/][0;39m - [33mInitializing Spring embedded WebApplicationContext
[0;39m[35mlogback-[0;39m [31m2020-12-11 10:35:01[0;39m [32m[restartedMain][0;39m [34mINFO [0;39m [1;35mo.s.b.w.s.c.ServletWebServerApplicationContext[0;39m - [33mRoot WebApplicationContext: initialization completed in 1304 ms
[0;39m[35mlogback-[0;39m [31m2020-12-11 10:35:03[0;39m [32m[restartedMain][0;39m [34mINFO [0;39m [1;35mo.s.s.c.ThreadPoolTaskExecutor[0;39m - [33mInitializing ExecutorService 'applicationTaskExecutor'
[0;39m[35mlogback-[0;39m [31m2020-12-11 10:35:03[0;39m [32m[restartedMain][0;39m [34mINFO [0;39m [1;35mo.s.b.d.a.OptionalLiveReloadServer[0;39m - [33mLiveReload server is running on port 35729
[0;39m[35mlogback-[0;39m [31m2020-12-11 10:35:03[0;39m [32m[restartedMain][0;39m [34mINFO [0;39m [1;35mo.a.coyote.http11.Http11NioProtocol[0;39m - [33mStarting ProtocolHandler ["http-nio-8088"]
[0;39m[35mlogback-[0;39m [31m2020-12-11 10:35:03[0;39m [32m[restartedMain][0;39m [34mINFO [0;39m [1;35mo.s.b.w.e.tomcat.TomcatWebServer[0;39m - [33mTomcat started on port(s): 8088 (http) with context path ''
[0;39m[35mlogback-[0;39m [31m2020-12-11 10:35:03[0;39m [32m[restartedMain][0;39m [34mINFO [0;39m [1;35mcom.cloud.music.MusicApplication[0;39m - [33mStarted MusicApplication in 3.724 seconds (JVM running for 1878.427)
[0;39m[35mlogback-[0;39m [31m2020-12-11 10:35:03[0;39m [32m[restartedMain][0;39m [34mINFO [0;39m [1;35mo.s.b.d.a.ConditionEvaluationDeltaLoggingListener[0;39m - [33mCondition evaluation unchanged
[0;39m[35mlogback-[0;39m [31m2020-12-11 10:39:33[0;39m [32m[Thread-26][0;39m [34mINFO [0;39m [1;35mo.s.s.c.ThreadPoolTaskExecutor[0;39m - [33mShutting down ExecutorService 'applicationTaskExecutor'
[0;39m[35mlogback-[0;39m [31m2020-12-11 10:39:34[0;39m [32m[restartedMain][0;39m [34mINFO [0;39m [1;35mcom.cloud.music.MusicApplication[0;39m - [33mStarting MusicApplication on Lenovo-E450-PC with PID 13160 (E:\IdeaProjects\music\target\classes started by Administrator in E:\IdeaProjects\music)
[0;39m[35mlogback-[0;39m [31m2020-12-11 10:39:34[0;39m [32m[restartedMain][0;39m [34mINFO [0;39m [1;35mcom.cloud.music.MusicApplication[0;39m - [33mNo active profile set, falling back to default profiles: default
[0;39m[35mlogback-[0;39m [31m2020-12-11 10:39:35[0;39m [32m[restartedMain][0;39m [34mINFO [0;39m [1;35mo.s.b.w.e.tomcat.TomcatWebServer[0;39m - [33mTomcat initialized with port(s): 8088 (http)
[0;39m[35mlogback-[0;39m [31m2020-12-11 10:39:35[0;39m [32m[restartedMain][0;39m [34mINFO [0;39m [1;35mo.a.coyote.http11.Http11NioProtocol[0;39m - [33mInitializing ProtocolHandler ["http-nio-8088"]
[0;39m[35mlogback-[0;39m [31m2020-12-11 10:39:35[0;39m [32m[restartedMain][0;39m [34mINFO [0;39m [1;35mo.a.catalina.core.StandardService[0;39m - [33mStarting service [Tomcat]
[0;39m[35mlogback-[0;39m [31m2020-12-11 10:39:35[0;39m [32m[restartedMain][0;39m [34mINFO [0;39m [1;35mo.a.catalina.core.StandardEngine[0;39m - [33mStarting Servlet engine: [Apache Tomcat/9.0.38]
[0;39m[35mlogback-[0;39m [31m2020-12-11 10:39:35[0;39m [32m[restartedMain][0;39m [34mINFO [0;39m [1;35mo.a.c.c.C.[Tomcat-2].[localhost].[/][0;39m - [33mInitializing Spring embedded WebApplicationContext
[0;39m[35mlogback-[0;39m [31m2020-12-11 10:39:35[0;39m [32m[restartedMain][0;39m [34mINFO [0;39m [1;35mo.s.b.w.s.c.ServletWebServerApplicationContext[0;39m - [33mRoot WebApplicationContext: initialization completed in 1536 ms
[0;39m[35mlogback-[0;39m [31m2020-12-11 10:39:35[0;39m [32m[restartedMain][0;39m [34mINFO [0;39m [1;35mo.s.s.c.ThreadPoolTaskExecutor[0;39m - [33mInitializing ExecutorService 'applicationTaskExecutor'
[0;39m[35mlogback-[0;39m [31m2020-12-11 10:39:35[0;39m [32m[restartedMain][0;39m [34mINFO [0;39m [1;35mo.s.b.d.a.OptionalLiveReloadServer[0;39m - [33mLiveReload server is running on port 35729
[0;39m[35mlogback-[0;39m [31m2020-12-11 10:39:35[0;39m [32m[restartedMain][0;39m [34mINFO [0;39m [1;35mo.s.s.c.ThreadPoolTaskExecutor[0;39m - [33mShutting down ExecutorService 'applicationTaskExecutor'
[0;39m[35mlogback-[0;39m [31m2020-12-11 10:39:35[0;39m [32m[restartedMain][0;39m [34mINFO [0;39m [1;35mo.a.catalina.core.StandardService[0;39m - [33mStopping service [Tomcat]
[0;39m[35mlogback-[0;39m [31m2020-12-11 10:39:35[0;39m [32m[restartedMain][0;39m [34mINFO [0;39m [1;35mo.s.b.a.l.ConditionEvaluationReportLoggingListener[0;39m - [33m

Error starting ApplicationContext. To display the conditions report re-run your application with 'debug' enabled.
[0;39m[35mlogback-[0;39m [31m2020-12-11 10:39:41[0;39m [32m[restartedMain][0;39m [34mINFO [0;39m [1;35mcom.cloud.music.MusicApplication[0;39m - [33mStarting MusicApplication on Lenovo-E450-PC with PID 13160 (E:\IdeaProjects\music\target\classes started by Administrator in E:\IdeaProjects\music)
[0;39m[35mlogback-[0;39m [31m2020-12-11 10:39:41[0;39m [32m[restartedMain][0;39m [34mINFO [0;39m [1;35mcom.cloud.music.MusicApplication[0;39m - [33mNo active profile set, falling back to default profiles: default
[0;39m[35mlogback-[0;39m [31m2020-12-11 10:39:42[0;39m [32m[restartedMain][0;39m [34mINFO [0;39m [1;35mo.s.b.w.e.tomcat.TomcatWebServer[0;39m - [33mTomcat initialized with port(s): 8088 (http)
[0;39m[35mlogback-[0;39m [31m2020-12-11 10:39:42[0;39m [32m[restartedMain][0;39m [34mINFO [0;39m [1;35mo.a.coyote.http11.Http11NioProtocol[0;39m - [33mInitializing ProtocolHandler ["http-nio-8088"]
[0;39m[35mlogback-[0;39m [31m2020-12-11 10:39:42[0;39m [32m[restartedMain][0;39m [34mINFO [0;39m [1;35mo.a.catalina.core.StandardService[0;39m - [33mStarting service [Tomcat]
[0;39m[35mlogback-[0;39m [31m2020-12-11 10:39:42[0;39m [32m[restartedMain][0;39m [34mINFO [0;39m [1;35mo.a.catalina.core.StandardEngine[0;39m - [33mStarting Servlet engine: [Apache Tomcat/9.0.38]
[0;39m[35mlogback-[0;39m [31m2020-12-11 10:39:42[0;39m [32m[restartedMain][0;39m [34mINFO [0;39m [1;35mo.a.c.c.C.[Tomcat-3].[localhost].[/][0;39m - [33mInitializing Spring embedded WebApplicationContext
[0;39m[35mlogback-[0;39m [31m2020-12-11 10:39:42[0;39m [32m[restartedMain][0;39m [34mINFO [0;39m [1;35mo.s.b.w.s.c.ServletWebServerApplicationContext[0;39m - [33mRoot WebApplicationContext: initialization completed in 955 ms
[0;39m[35mlogback-[0;39m [31m2020-12-11 10:39:44[0;39m [32m[restartedMain][0;39m [34mINFO [0;39m [1;35mo.s.s.c.ThreadPoolTaskExecutor[0;39m - [33mInitializing ExecutorService 'applicationTaskExecutor'
[0;39m[35mlogback-[0;39m [31m2020-12-11 10:39:44[0;39m [32m[restartedMain][0;39m [34mINFO [0;39m [1;35mo.s.b.d.a.OptionalLiveReloadServer[0;39m - [33mLiveReload server is running on port 35729
[0;39m[35mlogback-[0;39m [31m2020-12-11 10:39:44[0;39m [32m[restartedMain][0;39m [34mINFO [0;39m [1;35mo.a.coyote.http11.Http11NioProtocol[0;39m - [33mStarting ProtocolHandler ["http-nio-8088"]
[0;39m[35mlogback-[0;39m [31m2020-12-11 10:39:44[0;39m [32m[restartedMain][0;39m [34mINFO [0;39m [1;35mo.s.b.w.e.tomcat.TomcatWebServer[0;39m - [33mTomcat started on port(s): 8088 (http) with context path ''
[0;39m[35mlogback-[0;39m [31m2020-12-11 10:39:44[0;39m [32m[restartedMain][0;39m [34mINFO [0;39m [1;35mcom.cloud.music.MusicApplication[0;39m - [33mStarted MusicApplication in 3.0 seconds (JVM running for 2159.069)
[0;39m[35mlogback-[0;39m [31m2020-12-11 10:39:44[0;39m [32m[restartedMain][0;39m [34mINFO [0;39m [1;35mo.s.b.d.a.ConditionEvaluationDeltaLoggingListener[0;39m - [33mCondition evaluation unchanged
[0;39m[35mlogback-[0;39m [31m2020-12-11 10:46:37[0;39m [32m[restartedMain][0;39m [34mINFO [0;39m [1;35mcom.cloud.music.MusicApplication[0;39m - [33mStarting MusicApplication on Lenovo-E450-PC with PID 1924 (E:\IdeaProjects\music\target\classes started by Administrator in E:\IdeaProjects\music)
[0;39m[35mlogback-[0;39m [31m2020-12-11 10:46:37[0;39m [32m[restartedMain][0;39m [34mINFO [0;39m [1;35mcom.cloud.music.MusicApplication[0;39m - [33mNo active profile set, falling back to default profiles: default
[0;39m[35mlogback-[0;39m [31m2020-12-11 10:46:37[0;39m [32m[restartedMain][0;39m [34mINFO [0;39m [1;35mo.s.b.d.e.DevToolsPropertyDefaultsPostProcessor[0;39m - [33mDevtools property defaults active! Set 'spring.devtools.add-properties' to 'false' to disable
[0;39m[35mlogback-[0;39m [31m2020-12-11 10:46:37[0;39m [32m[restartedMain][0;39m [34mINFO [0;39m [1;35mo.s.b.d.e.DevToolsPropertyDefaultsPostProcessor[0;39m - [33mFor additional web related logging consider setting the 'logging.level.web' property to 'DEBUG'
[0;39m[35mlogback-[0;39m [31m2020-12-11 10:46:40[0;39m [32m[restartedMain][0;39m [34mINFO [0;39m [1;35mo.s.b.w.e.tomcat.TomcatWebServer[0;39m - [33mTomcat initialized with port(s): 8088 (http)
[0;39m[35mlogback-[0;39m [31m2020-12-11 10:46:40[0;39m [32m[restartedMain][0;39m [34mINFO [0;39m [1;35mo.a.coyote.http11.Http11NioProtocol[0;39m - [33mInitializing ProtocolHandler ["http-nio-8088"]
[0;39m[35mlogback-[0;39m [31m2020-12-11 10:46:40[0;39m [32m[restartedMain][0;39m [34mINFO [0;39m [1;35mo.a.catalina.core.StandardService[0;39m - [33mStarting service [Tomcat]
[0;39m[35mlogback-[0;39m [31m2020-12-11 10:46:40[0;39m [32m[restartedMain][0;39m [34mINFO [0;39m [1;35mo.a.catalina.core.StandardEngine[0;39m - [33mStarting Servlet engine: [Apache Tomcat/9.0.38]
[0;39m[35mlogback-[0;39m [31m2020-12-11 10:46:40[0;39m [32m[restartedMain][0;39m [34mINFO [0;39m [1;35mo.a.c.c.C.[Tomcat].[localhost].[/][0;39m - [33mInitializing Spring embedded WebApplicationContext
[0;39m[35mlogback-[0;39m [31m2020-12-11 10:46:40[0;39m [32m[restartedMain][0;39m [34mINFO [0;39m [1;35mo.s.b.w.s.c.ServletWebServerApplicationContext[0;39m - [33mRoot WebApplicationContext: initialization completed in 3491 ms
[0;39m[35mlogback-[0;39m [31m2020-12-11 10:46:44[0;39m [32m[restartedMain][0;39m [34mINFO [0;39m [1;35mo.s.s.c.ThreadPoolTaskExecutor[0;39m - [33mInitializing ExecutorService 'applicationTaskExecutor'
[0;39m[35mlogback-[0;39m [31m2020-12-11 10:46:44[0;39m [32m[restartedMain][0;39m [34mINFO [0;39m [1;35mo.s.b.d.a.OptionalLiveReloadServer[0;39m - [33mLiveReload server is running on port 35729
[0;39m[35mlogback-[0;39m [31m2020-12-11 10:46:44[0;39m [32m[restartedMain][0;39m [34mINFO [0;39m [1;35mo.a.coyote.http11.Http11NioProtocol[0;39m - [33mStarting ProtocolHandler ["http-nio-8088"]
[0;39m[35mlogback-[0;39m [31m2020-12-11 10:46:44[0;39m [32m[restartedMain][0;39m [34mINFO [0;39m [1;35mo.s.b.w.e.tomcat.TomcatWebServer[0;39m - [33mTomcat started on port(s): 8088 (http) with context path ''
[0;39m[35mlogback-[0;39m [31m2020-12-11 10:46:45[0;39m [32m[restartedMain][0;39m [34mINFO [0;39m [1;35mcom.cloud.music.MusicApplication[0;39m - [33mStarted MusicApplication in 9.487 seconds (JVM running for 13.287)
[0;39m[35mlogback-[0;39m [31m2020-12-11 10:48:37[0;39m [32m[http-nio-8088-exec-1][0;39m [34mINFO [0;39m [1;35mo.a.c.c.C.[Tomcat].[localhost].[/][0;39m - [33mInitializing Spring DispatcherServlet 'dispatcherServlet'
[0;39m[35mlogback-[0;39m [31m2020-12-11 10:48:37[0;39m [32m[http-nio-8088-exec-1][0;39m [34mINFO [0;39m [1;35mo.s.web.servlet.DispatcherServlet[0;39m - [33mInitializing Servlet 'dispatcherServlet'
[0;39m[35mlogback-[0;39m [31m2020-12-11 10:48:37[0;39m [32m[http-nio-8088-exec-1][0;39m [34mINFO [0;39m [1;35mo.s.web.servlet.DispatcherServlet[0;39m - [33mCompleted initialization in 18 ms
[0;39m[35mlogback-[0;39m [31m2020-12-11 10:48:37[0;39m [32m[http-nio-8088-exec-1][0;39m [34mINFO [0;39m [1;35mc.alibaba.druid.pool.DruidDataSource[0;39m - [33m{dataSource-1} inited
[0;39m[35mlogback-[0;39m [31m2020-12-11 10:50:52[0;39m [32m[restartedMain][0;39m [34mINFO [0;39m [1;35mcom.cloud.music.MusicApplication[0;39m - [33mStarting MusicApplication on Lenovo-E450-PC with PID 13356 (E:\IdeaProjects\music\target\classes started by Administrator in E:\IdeaProjects\music)
[0;39m[35mlogback-[0;39m [31m2020-12-11 10:50:52[0;39m [32m[restartedMain][0;39m [34mINFO [0;39m [1;35mcom.cloud.music.MusicApplication[0;39m - [33mNo active profile set, falling back to default profiles: default
[0;39m[35mlogback-[0;39m [31m2020-12-11 10:50:52[0;39m [32m[restartedMain][0;39m [34mINFO [0;39m [1;35mo.s.b.d.e.DevToolsPropertyDefaultsPostProcessor[0;39m - [33mDevtools property defaults active! Set 'spring.devtools.add-properties' to 'false' to disable
[0;39m[35mlogback-[0;39m [31m2020-12-11 10:50:52[0;39m [32m[restartedMain][0;39m [34mINFO [0;39m [1;35mo.s.b.d.e.DevToolsPropertyDefaultsPostProcessor[0;39m - [33mFor additional web related logging consider setting the 'logging.level.web' property to 'DEBUG'
[0;39m[35mlogback-[0;39m [31m2020-12-11 10:50:55[0;39m [32m[restartedMain][0;39m [34mINFO [0;39m [1;35mo.s.b.w.e.tomcat.TomcatWebServer[0;39m - [33mTomcat initialized with port(s): 8088 (http)
[0;39m[35mlogback-[0;39m [31m2020-12-11 10:50:55[0;39m [32m[restartedMain][0;39m [34mINFO [0;39m [1;35mo.a.coyote.http11.Http11NioProtocol[0;39m - [33mInitializing ProtocolHandler ["http-nio-8088"]
[0;39m[35mlogback-[0;39m [31m2020-12-11 10:50:55[0;39m [32m[restartedMain][0;39m [34mINFO [0;39m [1;35mo.a.catalina.core.StandardService[0;39m - [33mStarting service [Tomcat]
[0;39m[35mlogback-[0;39m [31m2020-12-11 10:50:55[0;39m [32m[restartedMain][0;39m [34mINFO [0;39m [1;35mo.a.catalina.core.StandardEngine[0;39m - [33mStarting Servlet engine: [Apache Tomcat/9.0.38]
[0;39m[35mlogback-[0;39m [31m2020-12-11 10:50:55[0;39m [32m[restartedMain][0;39m [34mINFO [0;39m [1;35mo.a.c.c.C.[Tomcat].[localhost].[/][0;39m - [33mInitializing Spring embedded WebApplicationContext
[0;39m[35mlogback-[0;39m [31m2020-12-11 10:50:55[0;39m [32m[restartedMain][0;39m [34mINFO [0;39m [1;35mo.s.b.w.s.c.ServletWebServerApplicationContext[0;39m - [33mRoot WebApplicationContext: initialization completed in 2688 ms
[0;39m[35mlogback-[0;39m [31m2020-12-11 10:50:59[0;39m [32m[restartedMain][0;39m [34mINFO [0;39m [1;35mo.s.s.c.ThreadPoolTaskExecutor[0;39m - [33mInitializing ExecutorService 'applicationTaskExecutor'
[0;39m[35mlogback-[0;39m [31m2020-12-11 10:50:59[0;39m [32m[restartedMain][0;39m [34mINFO [0;39m [1;35mo.s.b.d.a.OptionalLiveReloadServer[0;39m - [33mLiveReload server is running on port 35729
[0;39m[35mlogback-[0;39m [31m2020-12-11 10:50:59[0;39m [32m[restartedMain][0;39m [34mINFO [0;39m [1;35mo.a.coyote.http11.Http11NioProtocol[0;39m - [33mStarting ProtocolHandler ["http-nio-8088"]
[0;39m[35mlogback-[0;39m [31m2020-12-11 10:50:59[0;39m [32m[restartedMain][0;39m [34mINFO [0;39m [1;35mo.s.b.w.e.tomcat.TomcatWebServer[0;39m - [33mTomcat started on port(s): 8088 (http) with context path ''
[0;39m[35mlogback-[0;39m [31m2020-12-11 10:51:00[0;39m [32m[restartedMain][0;39m [34mINFO [0;39m [1;35mcom.cloud.music.MusicApplication[0;39m - [33mStarted MusicApplication in 8.704 seconds (JVM running for 14.51)
[0;39m[35mlogback-[0;39m [31m2020-12-11 10:51:26[0;39m [32m[http-nio-8088-exec-1][0;39m [34mINFO [0;39m [1;35mo.a.c.c.C.[Tomcat].[localhost].[/][0;39m - [33mInitializing Spring DispatcherServlet 'dispatcherServlet'
[0;39m[35mlogback-[0;39m [31m2020-12-11 10:51:26[0;39m [32m[http-nio-8088-exec-1][0;39m [34mINFO [0;39m [1;35mo.s.web.servlet.DispatcherServlet[0;39m - [33mInitializing Servlet 'dispatcherServlet'
[0;39m[35mlogback-[0;39m [31m2020-12-11 10:51:26[0;39m [32m[http-nio-8088-exec-1][0;39m [34mINFO [0;39m [1;35mo.s.web.servlet.DispatcherServlet[0;39m - [33mCompleted initialization in 9 ms
[0;39m[35mlogback-[0;39m [31m2020-12-11 10:51:27[0;39m [32m[http-nio-8088-exec-1][0;39m [34mINFO [0;39m [1;35mc.alibaba.druid.pool.DruidDataSource[0;39m - [33m{dataSource-1} inited
[0;39m[35mlogback-[0;39m [31m2020-12-11 15:22:09[0;39m [32m[restartedMain][0;39m [34mINFO [0;39m [1;35mcom.cloud.music.MusicApplication[0;39m - [33mStarting MusicApplication on Lenovo-E450-PC with PID 13692 (E:\IdeaProjects\music\target\classes started by Administrator in E:\IdeaProjects\music)
[0;39m[35mlogback-[0;39m [31m2020-12-11 15:22:09[0;39m [32m[restartedMain][0;39m [34mINFO [0;39m [1;35mcom.cloud.music.MusicApplication[0;39m - [33mNo active profile set, falling back to default profiles: default
[0;39m[35mlogback-[0;39m [31m2020-12-11 15:22:09[0;39m [32m[restartedMain][0;39m [34mINFO [0;39m [1;35mo.s.b.d.e.DevToolsPropertyDefaultsPostProcessor[0;39m - [33mDevtools property defaults active! Set 'spring.devtools.add-properties' to 'false' to disable
[0;39m[35mlogback-[0;39m [31m2020-12-11 15:22:09[0;39m [32m[restartedMain][0;39m [34mINFO [0;39m [1;35mo.s.b.d.e.DevToolsPropertyDefaultsPostProcessor[0;39m - [33mFor additional web related logging consider setting the 'logging.level.web' property to 'DEBUG'
[0;39m[35mlogback-[0;39m [31m2020-12-11 15:22:11[0;39m [32m[restartedMain][0;39m [34mINFO [0;39m [1;35mo.s.b.w.e.tomcat.TomcatWebServer[0;39m - [33mTomcat initialized with port(s): 8088 (http)
[0;39m[35mlogback-[0;39m [31m2020-12-11 15:22:11[0;39m [32m[restartedMain][0;39m [34mINFO [0;39m [1;35mo.a.coyote.http11.Http11NioProtocol[0;39m - [33mInitializing ProtocolHandler ["http-nio-8088"]
[0;39m[35mlogback-[0;39m [31m2020-12-11 15:22:11[0;39m [32m[restartedMain][0;39m [34mINFO [0;39m [1;35mo.a.catalina.core.StandardService[0;39m - [33mStarting service [Tomcat]
[0;39m[35mlogback-[0;39m [31m2020-12-11 15:22:11[0;39m [32m[restartedMain][0;39m [34mINFO [0;39m [1;35mo.a.catalina.core.StandardEngine[0;39m - [33mStarting Servlet engine: [Apache Tomcat/9.0.38]
[0;39m[35mlogback-[0;39m [31m2020-12-11 15:22:11[0;39m [32m[restartedMain][0;39m [34mINFO [0;39m [1;35mo.a.c.c.C.[Tomcat].[localhost].[/][0;39m - [33mInitializing Spring embedded WebApplicationContext
[0;39m[35mlogback-[0;39m [31m2020-12-11 15:22:11[0;39m [32m[restartedMain][0;39m [34mINFO [0;39m [1;35mo.s.b.w.s.c.ServletWebServerApplicationContext[0;39m - [33mRoot WebApplicationContext: initialization completed in 2678 ms
[0;39m[35mlogback-[0;39m [31m2020-12-11 15:22:16[0;39m [32m[restartedMain][0;39m [34mINFO [0;39m [1;35mo.s.s.c.ThreadPoolTaskExecutor[0;39m - [33mInitializing ExecutorService 'applicationTaskExecutor'
[0;39m[35mlogback-[0;39m [31m2020-12-11 15:22:16[0;39m [32m[restartedMain][0;39m [34mINFO [0;39m [1;35mo.s.b.d.a.OptionalLiveReloadServer[0;39m - [33mLiveReload server is running on port 35729
[0;39m[35mlogback-[0;39m [31m2020-12-11 15:22:16[0;39m [32m[restartedMain][0;39m [34mINFO [0;39m [1;35mo.a.coyote.http11.Http11NioProtocol[0;39m - [33mStarting ProtocolHandler ["http-nio-8088"]
[0;39m[35mlogback-[0;39m [31m2020-12-11 15:22:16[0;39m [32m[restartedMain][0;39m [34mINFO [0;39m [1;35mo.s.b.w.e.tomcat.TomcatWebServer[0;39m - [33mTomcat started on port(s): 8088 (http) with context path ''
[0;39m[35mlogback-[0;39m [31m2020-12-11 15:22:17[0;39m [32m[restartedMain][0;39m [34mINFO [0;39m [1;35mcom.cloud.music.MusicApplication[0;39m - [33mStarted MusicApplication in 9.636 seconds (JVM running for 13.344)
[0;39m[35mlogback-[0;39m [31m2020-12-11 15:25:04[0;39m [32m[http-nio-8088-exec-1][0;39m [34mINFO [0;39m [1;35mo.a.c.c.C.[Tomcat].[localhost].[/][0;39m - [33mInitializing Spring DispatcherServlet 'dispatcherServlet'
[0;39m[35mlogback-[0;39m [31m2020-12-11 15:25:04[0;39m [32m[http-nio-8088-exec-1][0;39m [34mINFO [0;39m [1;35mo.s.web.servlet.DispatcherServlet[0;39m - [33mInitializing Servlet 'dispatcherServlet'
[0;39m[35mlogback-[0;39m [31m2020-12-11 15:25:04[0;39m [32m[http-nio-8088-exec-1][0;39m [34mINFO [0;39m [1;35mo.s.web.servlet.DispatcherServlet[0;39m - [33mCompleted initialization in 10 ms
[0;39m[35mlogback-[0;39m [31m2020-12-11 15:26:18[0;39m [32m[http-nio-8088-exec-1][0;39m [34mINFO [0;39m [1;35mc.alibaba.druid.pool.DruidDataSource[0;39m - [33m{dataSource-1} inited
[0;39m[35mlogback-[0;39m [31m2020-12-11 15:28:42[0;39m [32m[restartedMain][0;39m [34mINFO [0;39m [1;35mcom.cloud.music.MusicApplication[0;39m - [33mStarting MusicApplication on Lenovo-E450-PC with PID 14020 (E:\IdeaProjects\music\target\classes started by Administrator in E:\IdeaProjects\music)
[0;39m[35mlogback-[0;39m [31m2020-12-11 15:28:42[0;39m [32m[restartedMain][0;39m [34mINFO [0;39m [1;35mcom.cloud.music.MusicApplication[0;39m - [33mNo active profile set, falling back to default profiles: default
[0;39m[35mlogback-[0;39m [31m2020-12-11 15:28:42[0;39m [32m[restartedMain][0;39m [34mINFO [0;39m [1;35mo.s.b.d.e.DevToolsPropertyDefaultsPostProcessor[0;39m - [33mDevtools property defaults active! Set 'spring.devtools.add-properties' to 'false' to disable
[0;39m[35mlogback-[0;39m [31m2020-12-11 15:28:42[0;39m [32m[restartedMain][0;39m [34mINFO [0;39m [1;35mo.s.b.d.e.DevToolsPropertyDefaultsPostProcessor[0;39m - [33mFor additional web related logging consider setting the 'logging.level.web' property to 'DEBUG'
[0;39m[35mlogback-[0;39m [31m2020-12-11 15:28:45[0;39m [32m[restartedMain][0;39m [34mINFO [0;39m [1;35mo.s.b.w.e.tomcat.TomcatWebServer[0;39m - [33mTomcat initialized with port(s): 8088 (http)
[0;39m[35mlogback-[0;39m [31m2020-12-11 15:28:45[0;39m [32m[restartedMain][0;39m [34mINFO [0;39m [1;35mo.a.coyote.http11.Http11NioProtocol[0;39m - [33mInitializing ProtocolHandler ["http-nio-8088"]
[0;39m[35mlogback-[0;39m [31m2020-12-11 15:28:45[0;39m [32m[restartedMain][0;39m [34mINFO [0;39m [1;35mo.a.catalina.core.StandardService[0;39m - [33mStarting service [Tomcat]
[0;39m[35mlogback-[0;39m [31m2020-12-11 15:28:45[0;39m [32m[restartedMain][0;39m [34mINFO [0;39m [1;35mo.a.catalina.core.StandardEngine[0;39m - [33mStarting Servlet engine: [Apache Tomcat/9.0.38]
[0;39m[35mlogback-[0;39m [31m2020-12-11 15:28:45[0;39m [32m[restartedMain][0;39m [34mINFO [0;39m [1;35mo.a.c.c.C.[Tomcat].[localhost].[/][0;39m - [33mInitializing Spring embedded WebApplicationContext
[0;39m[35mlogback-[0;39m [31m2020-12-11 15:28:45[0;39m [32m[restartedMain][0;39m [34mINFO [0;39m [1;35mo.s.b.w.s.c.ServletWebServerApplicationContext[0;39m - [33mRoot WebApplicationContext: initialization completed in 2938 ms
[0;39m[35mlogback-[0;39m [31m2020-12-11 15:28:49[0;39m [32m[restartedMain][0;39m [34mINFO [0;39m [1;35mo.s.s.c.ThreadPoolTaskExecutor[0;39m - [33mInitializing ExecutorService 'applicationTaskExecutor'
[0;39m[35mlogback-[0;39m [31m2020-12-11 15:28:49[0;39m [32m[restartedMain][0;39m [34mINFO [0;39m [1;35mo.s.b.d.a.OptionalLiveReloadServer[0;39m - [33mLiveReload server is running on port 35729
[0;39m[35mlogback-[0;39m [31m2020-12-11 15:28:49[0;39m [32m[restartedMain][0;39m [34mINFO [0;39m [1;35mo.a.coyote.http11.Http11NioProtocol[0;39m - [33mStarting ProtocolHandler ["http-nio-8088"]
[0;39m[35mlogback-[0;39m [31m2020-12-11 15:28:49[0;39m [32m[restartedMain][0;39m [34mINFO [0;39m [1;35mo.s.b.w.e.tomcat.TomcatWebServer[0;39m - [33mTomcat started on port(s): 8088 (http) with context path ''
[0;39m[35mlogback-[0;39m [31m2020-12-11 15:28:50[0;39m [32m[restartedMain][0;39m [34mINFO [0;39m [1;35mcom.cloud.music.MusicApplication[0;39m - [33mStarted MusicApplication in 8.496 seconds (JVM running for 12.971)
[0;39m[35mlogback-[0;39m [31m2020-12-11 15:28:55[0;39m [32m[http-nio-8088-exec-1][0;39m [34mINFO [0;39m [1;35mo.a.c.c.C.[Tomcat].[localhost].[/][0;39m - [33mInitializing Spring DispatcherServlet 'dispatcherServlet'
[0;39m[35mlogback-[0;39m [31m2020-12-11 15:28:55[0;39m [32m[http-nio-8088-exec-1][0;39m [34mINFO [0;39m [1;35mo.s.web.servlet.DispatcherServlet[0;39m - [33mInitializing Servlet 'dispatcherServlet'
[0;39m[35mlogback-[0;39m [31m2020-12-11 15:28:55[0;39m [32m[http-nio-8088-exec-1][0;39m [34mINFO [0;39m [1;35mo.s.web.servlet.DispatcherServlet[0;39m - [33mCompleted initialization in 12 ms
[0;39m[35mlogback-[0;39m [31m2020-12-11 15:29:00[0;39m [32m[http-nio-8088-exec-7][0;39m [34mINFO [0;39m [1;35mc.alibaba.druid.pool.DruidDataSource[0;39m - [33m{dataSource-1} inited
[0;39m[35mlogback-[0;39m [31m2020-12-11 15:38:42[0;39m [32m[restartedMain][0;39m [34mINFO [0;39m [1;35mcom.cloud.music.MusicApplication[0;39m - [33mStarting MusicApplication on Lenovo-E450-PC with PID 12324 (E:\IdeaProjects\music\target\classes started by Administrator in E:\IdeaProjects\music)
[0;39m[35mlogback-[0;39m [31m2020-12-11 15:38:43[0;39m [32m[restartedMain][0;39m [34mINFO [0;39m [1;35mcom.cloud.music.MusicApplication[0;39m - [33mNo active profile set, falling back to default profiles: default
[0;39m[35mlogback-[0;39m [31m2020-12-11 15:38:43[0;39m [32m[restartedMain][0;39m [34mINFO [0;39m [1;35mo.s.b.d.e.DevToolsPropertyDefaultsPostProcessor[0;39m - [33mDevtools property defaults active! Set 'spring.devtools.add-properties' to 'false' to disable
[0;39m[35mlogback-[0;39m [31m2020-12-11 15:38:43[0;39m [32m[restartedMain][0;39m [34mINFO [0;39m [1;35mo.s.b.d.e.DevToolsPropertyDefaultsPostProcessor[0;39m - [33mFor additional web related logging consider setting the 'logging.level.web' property to 'DEBUG'
[0;39m[35mlogback-[0;39m [31m2020-12-11 15:38:45[0;39m [32m[restartedMain][0;39m [34mINFO [0;39m [1;35mo.s.b.w.e.tomcat.TomcatWebServer[0;39m - [33mTomcat initialized with port(s): 8088 (http)
[0;39m[35mlogback-[0;39m [31m2020-12-11 15:38:45[0;39m [32m[restartedMain][0;39m [34mINFO [0;39m [1;35mo.a.coyote.http11.Http11NioProtocol[0;39m - [33mInitializing ProtocolHandler ["http-nio-8088"]
[0;39m[35mlogback-[0;39m [31m2020-12-11 15:38:45[0;39m [32m[restartedMain][0;39m [34mINFO [0;39m [1;35mo.a.catalina.core.StandardService[0;39m - [33mStarting service [Tomcat]
[0;39m[35mlogback-[0;39m [31m2020-12-11 15:38:45[0;39m [32m[restartedMain][0;39m [34mINFO [0;39m [1;35mo.a.catalina.core.StandardEngine[0;39m - [33mStarting Servlet engine: [Apache Tomcat/9.0.38]
[0;39m[35mlogback-[0;39m [31m2020-12-11 15:38:46[0;39m [32m[restartedMain][0;39m [34mINFO [0;39m [1;35mo.a.c.c.C.[Tomcat].[localhost].[/][0;39m - [33mInitializing Spring embedded WebApplicationContext
[0;39m[35mlogback-[0;39m [31m2020-12-11 15:38:46[0;39m [32m[restartedMain][0;39m [34mINFO [0;39m [1;35mo.s.b.w.s.c.ServletWebServerApplicationContext[0;39m - [33mRoot WebApplicationContext: initialization completed in 2789 ms
[0;39m[35mlogback-[0;39m [31m2020-12-11 15:38:50[0;39m [32m[restartedMain][0;39m [34mINFO [0;39m [1;35mo.s.s.c.ThreadPoolTaskExecutor[0;39m - [33mInitializing ExecutorService 'applicationTaskExecutor'
[0;39m[35mlogback-[0;39m [31m2020-12-11 15:38:50[0;39m [32m[restartedMain][0;39m [34mINFO [0;39m [1;35mo.s.b.d.a.OptionalLiveReloadServer[0;39m - [33mLiveReload server is running on port 35729
[0;39m[35mlogback-[0;39m [31m2020-12-11 15:38:50[0;39m [32m[restartedMain][0;39m [34mINFO [0;39m [1;35mo.a.coyote.http11.Http11NioProtocol[0;39m - [33mStarting ProtocolHandler ["http-nio-8088"]
[0;39m[35mlogback-[0;39m [31m2020-12-11 15:38:50[0;39m [32m[restartedMain][0;39m [34mINFO [0;39m [1;35mo.s.b.w.e.tomcat.TomcatWebServer[0;39m - [33mTomcat started on port(s): 8088 (http) with context path ''
[0;39m[35mlogback-[0;39m [31m2020-12-11 15:38:50[0;39m [32m[restartedMain][0;39m [34mINFO [0;39m [1;35mcom.cloud.music.MusicApplication[0;39m - [33mStarted MusicApplication in 9.783 seconds (JVM running for 13.383)
[0;39m[35mlogback-[0;39m [31m2020-12-11 15:39:03[0;39m [32m[http-nio-8088-exec-1][0;39m [34mINFO [0;39m [1;35mo.a.c.c.C.[Tomcat].[localhost].[/][0;39m - [33mInitializing Spring DispatcherServlet 'dispatcherServlet'
[0;39m[35mlogback-[0;39m [31m2020-12-11 15:39:03[0;39m [32m[http-nio-8088-exec-1][0;39m [34mINFO [0;39m [1;35mo.s.web.servlet.DispatcherServlet[0;39m - [33mInitializing Servlet 'dispatcherServlet'
[0;39m[35mlogback-[0;39m [31m2020-12-11 15:39:03[0;39m [32m[http-nio-8088-exec-1][0;39m [34mINFO [0;39m [1;35mo.s.web.servlet.DispatcherServlet[0;39m - [33mCompleted initialization in 9 ms
[0;39m[35mlogback-[0;39m [31m2020-12-11 15:41:55[0;39m [32m[restartedMain][0;39m [34mINFO [0;39m [1;35mcom.cloud.music.MusicApplication[0;39m - [33mStarting MusicApplication on Lenovo-E450-PC with PID 16688 (E:\IdeaProjects\music\target\classes started by Administrator in E:\IdeaProjects\music)
[0;39m[35mlogback-[0;39m [31m2020-12-11 15:41:55[0;39m [32m[restartedMain][0;39m [34mINFO [0;39m [1;35mcom.cloud.music.MusicApplication[0;39m - [33mNo active profile set, falling back to default profiles: default
[0;39m[35mlogback-[0;39m [31m2020-12-11 15:41:56[0;39m [32m[restartedMain][0;39m [34mINFO [0;39m [1;35mo.s.b.d.e.DevToolsPropertyDefaultsPostProcessor[0;39m - [33mDevtools property defaults active! Set 'spring.devtools.add-properties' to 'false' to disable
[0;39m[35mlogback-[0;39m [31m2020-12-11 15:41:56[0;39m [32m[restartedMain][0;39m [34mINFO [0;39m [1;35mo.s.b.d.e.DevToolsPropertyDefaultsPostProcessor[0;39m - [33mFor additional web related logging consider setting the 'logging.level.web' property to 'DEBUG'
[0;39m[35mlogback-[0;39m [31m2020-12-11 15:41:58[0;39m [32m[restartedMain][0;39m [34mINFO [0;39m [1;35mo.s.b.w.e.tomcat.TomcatWebServer[0;39m - [33mTomcat initialized with port(s): 8088 (http)
[0;39m[35mlogback-[0;39m [31m2020-12-11 15:41:58[0;39m [32m[restartedMain][0;39m [34mINFO [0;39m [1;35mo.a.coyote.http11.Http11NioProtocol[0;39m - [33mInitializing ProtocolHandler ["http-nio-8088"]
[0;39m[35mlogback-[0;39m [31m2020-12-11 15:41:58[0;39m [32m[restartedMain][0;39m [34mINFO [0;39m [1;35mo.a.catalina.core.StandardService[0;39m - [33mStarting service [Tomcat]
[0;39m[35mlogback-[0;39m [31m2020-12-11 15:41:58[0;39m [32m[restartedMain][0;39m [34mINFO [0;39m [1;35mo.a.catalina.core.StandardEngine[0;39m - [33mStarting Servlet engine: [Apache Tomcat/9.0.38]
[0;39m[35mlogback-[0;39m [31m2020-12-11 15:41:58[0;39m [32m[restartedMain][0;39m [34mINFO [0;39m [1;35mo.a.c.c.C.[Tomcat].[localhost].[/][0;39m - [33mInitializing Spring embedded WebApplicationContext
[0;39m[35mlogback-[0;39m [31m2020-12-11 15:41:58[0;39m [32m[restartedMain][0;39m [34mINFO [0;39m [1;35mo.s.b.w.s.c.ServletWebServerApplicationContext[0;39m - [33mRoot WebApplicationContext: initialization completed in 2489 ms
[0;39m[35mlogback-[0;39m [31m2020-12-11 15:42:02[0;39m [32m[restartedMain][0;39m [34mINFO [0;39m [1;35mo.s.s.c.ThreadPoolTaskExecutor[0;39m - [33mInitializing ExecutorService 'applicationTaskExecutor'
[0;39m[35mlogback-[0;39m [31m2020-12-11 15:42:02[0;39m [32m[restartedMain][0;39m [34mINFO [0;39m [1;35mo.s.b.d.a.OptionalLiveReloadServer[0;39m - [33mLiveReload server is running on port 35729
[0;39m[35mlogback-[0;39m [31m2020-12-11 15:42:03[0;39m [32m[restartedMain][0;39m [34mINFO [0;39m [1;35mo.a.coyote.http11.Http11NioProtocol[0;39m - [33mStarting ProtocolHandler ["http-nio-8088"]
[0;39m[35mlogback-[0;39m [31m2020-12-11 15:42:03[0;39m [32m[restartedMain][0;39m [34mINFO [0;39m [1;35mo.s.b.w.e.tomcat.TomcatWebServer[0;39m - [33mTomcat started on port(s): 8088 (http) with context path ''
[0;39m[35mlogback-[0;39m [31m2020-12-11 15:42:03[0;39m [32m[restartedMain][0;39m [34mINFO [0;39m [1;35mcom.cloud.music.MusicApplication[0;39m - [33mStarted MusicApplication in 9.226 seconds (JVM running for 12.969)
[0;39m[35mlogback-[0;39m [31m2020-12-11 15:42:10[0;39m [32m[http-nio-8088-exec-1][0;39m [34mINFO [0;39m [1;35mo.a.c.c.C.[Tomcat].[localhost].[/][0;39m - [33mInitializing Spring DispatcherServlet 'dispatcherServlet'
[0;39m[35mlogback-[0;39m [31m2020-12-11 15:42:10[0;39m [32m[http-nio-8088-exec-1][0;39m [34mINFO [0;39m [1;35mo.s.web.servlet.DispatcherServlet[0;39m - [33mInitializing Servlet 'dispatcherServlet'
[0;39m[35mlogback-[0;39m [31m2020-12-11 15:42:10[0;39m [32m[http-nio-8088-exec-1][0;39m [34mINFO [0;39m [1;35mo.s.web.servlet.DispatcherServlet[0;39m - [33mCompleted initialization in 13 ms
[0;39m