[35mlogback-[0;39m [31m2020-12-10 12:19:11[0;39m [32m[restartedMain][0;39m [34mINFO [0;39m [1;35mcom.cloud.music.MusicApplication[0;39m - [33mStarting MusicApplication on Lenovo-E450-PC with PID 14416 (E:\IdeaProjects\music\target\classes started by Administrator in E:\IdeaProjects\music)
[0;39m[35mlogback-[0;39m [31m2020-12-10 12:19:11[0;39m [32m[restartedMain][0;39m [34mINFO [0;39m [1;35mcom.cloud.music.MusicApplication[0;39m - [33mNo active profile set, falling back to default profiles: default
[0;39m[35mlogback-[0;39m [31m2020-12-10 12:19:11[0;39m [32m[restartedMain][0;39m [34mINFO [0;39m [1;35mo.s.b.d.e.DevToolsPropertyDefaultsPostProcessor[0;39m - [33mDevtools property defaults active! Set 'spring.devtools.add-properties' to 'false' to disable
[0;39m[35mlogback-[0;39m [31m2020-12-10 12:19:11[0;39m [32m[restartedMain][0;39m [34mINFO [0;39m [1;35mo.s.b.d.e.DevToolsPropertyDefaultsPostProcessor[0;39m - [33mFor additional web related logging consider setting the 'logging.level.web' property to 'DEBUG'
[0;39m[35mlogback-[0;39m [31m2020-12-10 12:19:19[0;39m [32m[restartedMain][0;39m [34mINFO [0;39m [1;35mo.s.b.w.e.tomcat.TomcatWebServer[0;39m - [33mTomcat initialized with port(s): 8088 (http)
[0;39m[35mlogback-[0;39m [31m2020-12-10 12:19:20[0;39m [32m[restartedMain][0;39m [34mINFO [0;39m [1;35mo.a.coyote.http11.Http11NioProtocol[0;39m - [33mInitializing ProtocolHandler ["http-nio-8088"]
[0;39m[35mlogback-[0;39m [31m2020-12-10 12:19:20[0;39m [32m[restartedMain][0;39m [34mINFO [0;39m [1;35mo.a.catalina.core.StandardService[0;39m - [33mStarting service [Tomcat]
[0;39m[35mlogback-[0;39m [31m2020-12-10 12:19:20[0;39m [32m[restartedMain][0;39m [34mINFO [0;39m [1;35mo.a.catalina.core.StandardEngine[0;39m - [33mStarting Servlet engine: [Apache Tomcat/9.0.38]
[0;39m[35mlogback-[0;39m [31m2020-12-10 12:19:20[0;39m [32m[restartedMain][0;39m [34mINFO [0;39m [1;35mo.a.c.c.C.[Tomcat].[localhost].[/][0;39m - [33mInitializing Spring embedded WebApplicationContext
[0;39m[35mlogback-[0;39m [31m2020-12-10 12:19:20[0;39m [32m[restartedMain][0;39m [34mINFO [0;39m [1;35mo.s.b.w.s.c.ServletWebServerApplicationContext[0;39m - [33mRoot WebApplicationContext: initialization completed in 9287 ms
[0;39m[35mlogback-[0;39m [31m2020-12-10 12:19:21[0;39m [32m[restartedMain][0;39m [34mINFO [0;39m [1;35mo.a.catalina.core.StandardService[0;39m - [33mStopping service [Tomcat]
[0;39m[35mlogback-[0;39m [31m2020-12-10 12:19:21[0;39m [32m[restartedMain][0;39m [34mINFO [0;39m [1;35mo.s.b.a.l.ConditionEvaluationReportLoggingListener[0;39m - [33m

Error starting ApplicationContext. To display the conditions report re-run your application with 'debug' enabled.
[0;39m[35mlogback-[0;39m [31m2020-12-10 13:46:29[0;39m [32m[restartedMain][0;39m [34mINFO [0;39m [1;35mcom.cloud.music.MusicApplication[0;39m - [33mStarting MusicApplication on Lenovo-E450-PC with PID 12512 (E:\IdeaProjects\music\target\classes started by Administrator in E:\IdeaProjects\music)
[0;39m[35mlogback-[0;39m [31m2020-12-10 13:46:29[0;39m [32m[restartedMain][0;39m [34mINFO [0;39m [1;35mcom.cloud.music.MusicApplication[0;39m - [33mNo active profile set, falling back to default profiles: default
[0;39m[35mlogback-[0;39m [31m2020-12-10 13:46:29[0;39m [32m[restartedMain][0;39m [34mINFO [0;39m [1;35mo.s.b.d.e.DevToolsPropertyDefaultsPostProcessor[0;39m - [33mDevtools property defaults active! Set 'spring.devtools.add-properties' to 'false' to disable
[0;39m[35mlogback-[0;39m [31m2020-12-10 13:46:29[0;39m [32m[restartedMain][0;39m [34mINFO [0;39m [1;35mo.s.b.d.e.DevToolsPropertyDefaultsPostProcessor[0;39m - [33mFor additional web related logging consider setting the 'logging.level.web' property to 'DEBUG'
[0;39m[35mlogback-[0;39m [31m2020-12-10 13:46:32[0;39m [32m[restartedMain][0;39m [34mINFO [0;39m [1;35mo.s.b.w.e.tomcat.TomcatWebServer[0;39m - [33mTomcat initialized with port(s): 8088 (http)
[0;39m[35mlogback-[0;39m [31m2020-12-10 13:46:32[0;39m [32m[restartedMain][0;39m [34mINFO [0;39m [1;35mo.a.coyote.http11.Http11NioProtocol[0;39m - [33mInitializing ProtocolHandler ["http-nio-8088"]
[0;39m[35mlogback-[0;39m [31m2020-12-10 13:46:32[0;39m [32m[restartedMain][0;39m [34mINFO [0;39m [1;35mo.a.catalina.core.StandardService[0;39m - [33mStarting service [Tomcat]
[0;39m[35mlogback-[0;39m [31m2020-12-10 13:46:32[0;39m [32m[restartedMain][0;39m [34mINFO [0;39m [1;35mo.a.catalina.core.StandardEngine[0;39m - [33mStarting Servlet engine: [Apache Tomcat/9.0.38]
[0;39m[35mlogback-[0;39m [31m2020-12-10 13:46:32[0;39m [32m[restartedMain][0;39m [34mINFO [0;39m [1;35mo.a.c.c.C.[Tomcat].[localhost].[/][0;39m - [33mInitializing Spring embedded WebApplicationContext
[0;39m[35mlogback-[0;39m [31m2020-12-10 13:46:32[0;39m [32m[restartedMain][0;39m [34mINFO [0;39m [1;35mo.s.b.w.s.c.ServletWebServerApplicationContext[0;39m - [33mRoot WebApplicationContext: initialization completed in 3514 ms
[0;39m[35mlogback-[0;39m [31m2020-12-10 13:46:33[0;39m [32m[restartedMain][0;39m [34mINFO [0;39m [1;35mc.alibaba.druid.pool.DruidDataSource[0;39m - [33m{dataSource-1} inited
[0;39m[35mlogback-[0;39m [31m2020-12-10 13:48:02[0;39m [32m[restartedMain][0;39m [34mINFO [0;39m [1;35mcom.cloud.music.MusicApplication[0;39m - [33mStarting MusicApplication on Lenovo-E450-PC with PID 13828 (E:\IdeaProjects\music\target\classes started by Administrator in E:\IdeaProjects\music)
[0;39m[35mlogback-[0;39m [31m2020-12-10 13:48:02[0;39m [32m[restartedMain][0;39m [34mINFO [0;39m [1;35mcom.cloud.music.MusicApplication[0;39m - [33mNo active profile set, falling back to default profiles: default
[0;39m[35mlogback-[0;39m [31m2020-12-10 13:48:02[0;39m [32m[restartedMain][0;39m [34mINFO [0;39m [1;35mo.s.b.d.e.DevToolsPropertyDefaultsPostProcessor[0;39m - [33mDevtools property defaults active! Set 'spring.devtools.add-properties' to 'false' to disable
[0;39m[35mlogback-[0;39m [31m2020-12-10 13:48:02[0;39m [32m[restartedMain][0;39m [34mINFO [0;39m [1;35mo.s.b.d.e.DevToolsPropertyDefaultsPostProcessor[0;39m - [33mFor additional web related logging consider setting the 'logging.level.web' property to 'DEBUG'
[0;39m[35mlogback-[0;39m [31m2020-12-10 13:48:07[0;39m [32m[restartedMain][0;39m [34mINFO [0;39m [1;35mo.s.b.w.e.tomcat.TomcatWebServer[0;39m - [33mTomcat initialized with port(s): 8088 (http)
[0;39m[35mlogback-[0;39m [31m2020-12-10 13:48:07[0;39m [32m[restartedMain][0;39m [34mINFO [0;39m [1;35mo.a.coyote.http11.Http11NioProtocol[0;39m - [33mInitializing ProtocolHandler ["http-nio-8088"]
[0;39m[35mlogback-[0;39m [31m2020-12-10 13:48:07[0;39m [32m[restartedMain][0;39m [34mINFO [0;39m [1;35mo.a.catalina.core.StandardService[0;39m - [33mStarting service [Tomcat]
[0;39m[35mlogback-[0;39m [31m2020-12-10 13:48:07[0;39m [32m[restartedMain][0;39m [34mINFO [0;39m [1;35mo.a.catalina.core.StandardEngine[0;39m - [33mStarting Servlet engine: [Apache Tomcat/9.0.38]
[0;39m[35mlogback-[0;39m [31m2020-12-10 13:48:08[0;39m [32m[restartedMain][0;39m [34mINFO [0;39m [1;35mo.a.c.c.C.[Tomcat].[localhost].[/][0;39m - [33mInitializing Spring embedded WebApplicationContext
[0;39m[35mlogback-[0;39m [31m2020-12-10 13:48:08[0;39m [32m[restartedMain][0;39m [34mINFO [0;39m [1;35mo.s.b.w.s.c.ServletWebServerApplicationContext[0;39m - [33mRoot WebApplicationContext: initialization completed in 6233 ms
[0;39m[35mlogback-[0;39m [31m2020-12-10 13:48:09[0;39m [32m[restartedMain][0;39m [34mINFO [0;39m [1;35mc.alibaba.druid.pool.DruidDataSource[0;39m - [33m{dataSource-1} inited
[0;39m[35mlogback-[0;39m [31m2020-12-10 14:05:17[0;39m [32m[restartedMain][0;39m [34mINFO [0;39m [1;35mcom.cloud.music.MusicApplication[0;39m - [33mStarting MusicApplication on Lenovo-E450-PC with PID 12504 (E:\IdeaProjects\music\target\classes started by Administrator in E:\IdeaProjects\music)
[0;39m[35mlogback-[0;39m [31m2020-12-10 14:05:17[0;39m [32m[restartedMain][0;39m [34mINFO [0;39m [1;35mcom.cloud.music.MusicApplication[0;39m - [33mNo active profile set, falling back to default profiles: default
[0;39m[35mlogback-[0;39m [31m2020-12-10 14:05:17[0;39m [32m[restartedMain][0;39m [34mINFO [0;39m [1;35mo.s.b.d.e.DevToolsPropertyDefaultsPostProcessor[0;39m - [33mDevtools property defaults active! Set 'spring.devtools.add-properties' to 'false' to disable
[0;39m[35mlogback-[0;39m [31m2020-12-10 14:05:17[0;39m [32m[restartedMain][0;39m [34mINFO [0;39m [1;35mo.s.b.d.e.DevToolsPropertyDefaultsPostProcessor[0;39m - [33mFor additional web related logging consider setting the 'logging.level.web' property to 'DEBUG'
[0;39m[35mlogback-[0;39m [31m2020-12-10 14:05:21[0;39m [32m[restartedMain][0;39m [34mINFO [0;39m [1;35mo.s.b.w.e.tomcat.TomcatWebServer[0;39m - [33mTomcat initialized with port(s): 8088 (http)
[0;39m[35mlogback-[0;39m [31m2020-12-10 14:05:21[0;39m [32m[restartedMain][0;39m [34mINFO [0;39m [1;35mo.a.coyote.http11.Http11NioProtocol[0;39m - [33mInitializing ProtocolHandler ["http-nio-8088"]
[0;39m[35mlogback-[0;39m [31m2020-12-10 14:05:21[0;39m [32m[restartedMain][0;39m [34mINFO [0;39m [1;35mo.a.catalina.core.StandardService[0;39m - [33mStarting service [Tomcat]
[0;39m[35mlogback-[0;39m [31m2020-12-10 14:05:21[0;39m [32m[restartedMain][0;39m [34mINFO [0;39m [1;35mo.a.catalina.core.StandardEngine[0;39m - [33mStarting Servlet engine: [Apache Tomcat/9.0.38]
[0;39m[35mlogback-[0;39m [31m2020-12-10 14:05:21[0;39m [32m[restartedMain][0;39m [34mINFO [0;39m [1;35mo.a.c.c.C.[Tomcat].[localhost].[/][0;39m - [33mInitializing Spring embedded WebApplicationContext
[0;39m[35mlogback-[0;39m [31m2020-12-10 14:05:21[0;39m [32m[restartedMain][0;39m [34mINFO [0;39m [1;35mo.s.b.w.s.c.ServletWebServerApplicationContext[0;39m - [33mRoot WebApplicationContext: initialization completed in 4156 ms
[0;39m[35mlogback-[0;39m [31m2020-12-10 14:05:21[0;39m [32m[restartedMain][0;39m [34mINFO [0;39m [1;35mc.alibaba.druid.pool.DruidDataSource[0;39m - [33m{dataSource-1} inited
[0;39m[35mlogback-[0;39m [31m2020-12-10 14:05:23[0;39m [32m[restartedMain][0;39m [34mINFO [0;39m [1;35mo.s.s.c.ThreadPoolTaskExecutor[0;39m - [33mInitializing ExecutorService 'applicationTaskExecutor'
[0;39m[35mlogback-[0;39m [31m2020-12-10 14:05:23[0;39m [32m[restartedMain][0;39m [34mINFO [0;39m [1;35mo.s.b.d.a.OptionalLiveReloadServer[0;39m - [33mLiveReload server is running on port 35729
[0;39m[35mlogback-[0;39m [31m2020-12-10 14:05:23[0;39m [32m[restartedMain][0;39m [34mINFO [0;39m [1;35mo.a.coyote.http11.Http11NioProtocol[0;39m - [33mStarting ProtocolHandler ["http-nio-8088"]
[0;39m[35mlogback-[0;39m [31m2020-12-10 14:05:24[0;39m [32m[restartedMain][0;39m [34mINFO [0;39m [1;35mo.s.b.w.e.tomcat.TomcatWebServer[0;39m - [33mTomcat started on port(s): 8088 (http) with context path ''
[0;39m[35mlogback-[0;39m [31m2020-12-10 14:05:24[0;39m [32m[restartedMain][0;39m [34mINFO [0;39m [1;35mcom.cloud.music.MusicApplication[0;39m - [33mStarted MusicApplication in 9.33 seconds (JVM running for 16.607)
[0;39m