[35mlogback-[0;39m [31m2020-12-19 09:30:19[0;39m [32m[restartedMain][0;39m [34mINFO [0;39m [1;35mcom.cloud.music.MusicApplication[0;39m - [33mStarting MusicApplication on LAPTOP-RT5PR5EG with PID 5964 (G:\IdeaProject\Music\target\classes started by ASUS in G:\IdeaProject\Music)
[0;39m[35mlogback-[0;39m [31m2020-12-19 09:30:19[0;39m [32m[restartedMain][0;39m [34mINFO [0;39m [1;35mcom.cloud.music.MusicApplication[0;39m - [33mNo active profile set, falling back to default profiles: default
[0;39m[35mlogback-[0;39m [31m2020-12-19 09:30:19[0;39m [32m[restartedMain][0;39m [34mINFO [0;39m [1;35mo.s.b.d.restart.ChangeableUrls[0;39m - [33mThe Class-Path manifest attribute in G:\maven\repository\com\sun\xml\bind\jaxb-impl\2.2.3-1\jaxb-impl-2.2.3-1.jar referenced one or more files that do not exist: file:/G:/maven/repository/com/sun/xml/bind/jaxb-impl/2.2.3-1/jaxb-api.jar,file:/G:/maven/repository/com/sun/xml/bind/jaxb-impl/2.2.3-1/activation.jar,file:/G:/maven/repository/com/sun/xml/bind/jaxb-impl/2.2.3-1/jsr173_1.0_api.jar,file:/G:/maven/repository/com/sun/xml/bind/jaxb-impl/2.2.3-1/jaxb1-impl.jar
[0;39m[35mlogback-[0;39m [31m2020-12-19 09:30:19[0;39m [32m[restartedMain][0;39m [34mINFO [0;39m [1;35mo.s.b.d.e.DevToolsPropertyDefaultsPostProcessor[0;39m - [33mDevtools property defaults active! Set 'spring.devtools.add-properties' to 'false' to disable
[0;39m[35mlogback-[0;39m [31m2020-12-19 09:30:19[0;39m [32m[restartedMain][0;39m [34mINFO [0;39m [1;35mo.s.b.d.e.DevToolsPropertyDefaultsPostProcessor[0;39m - [33mFor additional web related logging consider setting the 'logging.level.web' property to 'DEBUG'
[0;39m[35mlogback-[0;39m [31m2020-12-19 09:30:21[0;39m [32m[restartedMain][0;39m [34mINFO [0;39m [1;35mo.s.b.w.e.tomcat.TomcatWebServer[0;39m - [33mTomcat initialized with port(s): 8088 (http)
[0;39m[35mlogback-[0;39m [31m2020-12-19 09:30:21[0;39m [32m[restartedMain][0;39m [34mINFO [0;39m [1;35mo.a.coyote.http11.Http11NioProtocol[0;39m - [33mInitializing ProtocolHandler ["http-nio-8088"]
[0;39m[35mlogback-[0;39m [31m2020-12-19 09:30:21[0;39m [32m[restartedMain][0;39m [34mINFO [0;39m [1;35mo.a.catalina.core.StandardService[0;39m - [33mStarting service [Tomcat]
[0;39m[35mlogback-[0;39m [31m2020-12-19 09:30:21[0;39m [32m[restartedMain][0;39m [34mINFO [0;39m [1;35mo.a.catalina.core.StandardEngine[0;39m - [33mStarting Servlet engine: [Apache Tomcat/9.0.38]
[0;39m[35mlogback-[0;39m [31m2020-12-19 09:30:21[0;39m [32m[restartedMain][0;39m [34mINFO [0;39m [1;35mo.a.c.c.C.[Tomcat].[localhost].[/][0;39m - [33mInitializing Spring embedded WebApplicationContext
[0;39m[35mlogback-[0;39m [31m2020-12-19 09:30:21[0;39m [32m[restartedMain][0;39m [34mINFO [0;39m [1;35mo.s.b.w.s.c.ServletWebServerApplicationContext[0;39m - [33mRoot WebApplicationContext: initialization completed in 1921 ms
[0;39m[35mlogback-[0;39m [31m2020-12-19 09:30:23[0;39m [32m[restartedMain][0;39m [34mINFO [0;39m [1;35mo.s.s.c.ThreadPoolTaskExecutor[0;39m - [33mInitializing ExecutorService 'applicationTaskExecutor'
[0;39m[35mlogback-[0;39m [31m2020-12-19 09:30:23[0;39m [32m[restartedMain][0;39m [34mINFO [0;39m [1;35mo.s.b.d.a.OptionalLiveReloadServer[0;39m - [33mLiveReload server is running on port 35729
[0;39m[35mlogback-[0;39m [31m2020-12-19 09:30:23[0;39m [32m[restartedMain][0;39m [34mINFO [0;39m [1;35mo.a.coyote.http11.Http11NioProtocol[0;39m - [33mStarting ProtocolHandler ["http-nio-8088"]
[0;39m[35mlogback-[0;39m [31m2020-12-19 09:30:23[0;39m [32m[restartedMain][0;39m [34mINFO [0;39m [1;35mo.s.b.w.e.tomcat.TomcatWebServer[0;39m - [33mTomcat started on port(s): 8088 (http) with context path ''
[0;39m[35mlogback-[0;39m [31m2020-12-19 09:30:23[0;39m [32m[restartedMain][0;39m [34mINFO [0;39m [1;35mcom.cloud.music.MusicApplication[0;39m - [33mStarted MusicApplication in 5.195 seconds (JVM running for 6.78)
[0;39m[35mlogback-[0;39m [31m2020-12-19 09:31:38[0;39m [32m[http-nio-8088-exec-1][0;39m [34mINFO [0;39m [1;35mo.a.c.c.C.[Tomcat].[localhost].[/][0;39m - [33mInitializing Spring DispatcherServlet 'dispatcherServlet'
[0;39m[35mlogback-[0;39m [31m2020-12-19 09:31:38[0;39m [32m[http-nio-8088-exec-1][0;39m [34mINFO [0;39m [1;35mo.s.web.servlet.DispatcherServlet[0;39m - [33mInitializing Servlet 'dispatcherServlet'
[0;39m[35mlogback-[0;39m [31m2020-12-19 09:31:38[0;39m [32m[http-nio-8088-exec-1][0;39m [34mINFO [0;39m [1;35mo.s.web.servlet.DispatcherServlet[0;39m - [33mCompleted initialization in 8 ms
[0;39m[35mlogback-[0;39m [31m2020-12-19 09:31:38[0;39m [32m[http-nio-8088-exec-4][0;39m [34mINFO [0;39m [1;35mc.alibaba.druid.pool.DruidDataSource[0;39m - [33m{dataSource-1} inited
[0;39m[35mlogback-[0;39m [31m2020-12-19 13:34:47[0;39m [32m[restartedMain][0;39m [34mINFO [0;39m [1;35mcom.cloud.music.MusicApplication[0;39m - [33mStarting MusicApplication on LAPTOP-RT5PR5EG with PID 1312 (G:\IdeaProject\Music\target\classes started by ASUS in G:\IdeaProject\Music)
[0;39m[35mlogback-[0;39m [31m2020-12-19 13:34:47[0;39m [32m[restartedMain][0;39m [34mINFO [0;39m [1;35mcom.cloud.music.MusicApplication[0;39m - [33mNo active profile set, falling back to default profiles: default
[0;39m[35mlogback-[0;39m [31m2020-12-19 13:34:47[0;39m [32m[restartedMain][0;39m [34mINFO [0;39m [1;35mo.s.b.d.restart.ChangeableUrls[0;39m - [33mThe Class-Path manifest attribute in G:\maven\repository\com\sun\xml\bind\jaxb-impl\2.2.3-1\jaxb-impl-2.2.3-1.jar referenced one or more files that do not exist: file:/G:/maven/repository/com/sun/xml/bind/jaxb-impl/2.2.3-1/jaxb-api.jar,file:/G:/maven/repository/com/sun/xml/bind/jaxb-impl/2.2.3-1/activation.jar,file:/G:/maven/repository/com/sun/xml/bind/jaxb-impl/2.2.3-1/jsr173_1.0_api.jar,file:/G:/maven/repository/com/sun/xml/bind/jaxb-impl/2.2.3-1/jaxb1-impl.jar
[0;39m[35mlogback-[0;39m [31m2020-12-19 13:34:47[0;39m [32m[restartedMain][0;39m [34mINFO [0;39m [1;35mo.s.b.d.e.DevToolsPropertyDefaultsPostProcessor[0;39m - [33mDevtools property defaults active! Set 'spring.devtools.add-properties' to 'false' to disable
[0;39m[35mlogback-[0;39m [31m2020-12-19 13:34:47[0;39m [32m[restartedMain][0;39m [34mINFO [0;39m [1;35mo.s.b.d.e.DevToolsPropertyDefaultsPostProcessor[0;39m - [33mFor additional web related logging consider setting the 'logging.level.web' property to 'DEBUG'
[0;39m[35mlogback-[0;39m [31m2020-12-19 13:34:49[0;39m [32m[restartedMain][0;39m [34mINFO [0;39m [1;35mo.s.b.w.e.tomcat.TomcatWebServer[0;39m - [33mTomcat initialized with port(s): 8088 (http)
[0;39m[35mlogback-[0;39m [31m2020-12-19 13:34:49[0;39m [32m[restartedMain][0;39m [34mINFO [0;39m [1;35mo.a.coyote.http11.Http11NioProtocol[0;39m - [33mInitializing ProtocolHandler ["http-nio-8088"]
[0;39m[35mlogback-[0;39m [31m2020-12-19 13:34:49[0;39m [32m[restartedMain][0;39m [34mINFO [0;39m [1;35mo.a.catalina.core.StandardService[0;39m - [33mStarting service [Tomcat]
[0;39m[35mlogback-[0;39m [31m2020-12-19 13:34:49[0;39m [32m[restartedMain][0;39m [34mINFO [0;39m [1;35mo.a.catalina.core.StandardEngine[0;39m - [33mStarting Servlet engine: [Apache Tomcat/9.0.38]
[0;39m[35mlogback-[0;39m [31m2020-12-19 13:34:49[0;39m [32m[restartedMain][0;39m [34mINFO [0;39m [1;35mo.a.c.c.C.[Tomcat].[localhost].[/][0;39m - [33mInitializing Spring embedded WebApplicationContext
[0;39m[35mlogback-[0;39m [31m2020-12-19 13:34:49[0;39m [32m[restartedMain][0;39m [34mINFO [0;39m [1;35mo.s.b.w.s.c.ServletWebServerApplicationContext[0;39m - [33mRoot WebApplicationContext: initialization completed in 2053 ms
[0;39m[35mlogback-[0;39m [31m2020-12-19 13:34:51[0;39m [32m[restartedMain][0;39m [34mINFO [0;39m [1;35mo.s.s.c.ThreadPoolTaskExecutor[0;39m - [33mInitializing ExecutorService 'applicationTaskExecutor'
[0;39m[35mlogback-[0;39m [31m2020-12-19 13:34:51[0;39m [32m[restartedMain][0;39m [34mINFO [0;39m [1;35mo.s.b.d.a.OptionalLiveReloadServer[0;39m - [33mLiveReload server is running on port 35729
[0;39m[35mlogback-[0;39m [31m2020-12-19 13:34:51[0;39m [32m[restartedMain][0;39m [34mINFO [0;39m [1;35mo.a.coyote.http11.Http11NioProtocol[0;39m - [33mStarting ProtocolHandler ["http-nio-8088"]
[0;39m[35mlogback-[0;39m [31m2020-12-19 13:34:51[0;39m [32m[restartedMain][0;39m [34mINFO [0;39m [1;35mo.s.b.w.e.tomcat.TomcatWebServer[0;39m - [33mTomcat started on port(s): 8088 (http) with context path ''
[0;39m[35mlogback-[0;39m [31m2020-12-19 13:34:51[0;39m [32m[restartedMain][0;39m [34mINFO [0;39m [1;35mcom.cloud.music.MusicApplication[0;39m - [33mStarted MusicApplication in 5.457 seconds (JVM running for 7.097)
[0;39m[35mlogback-[0;39m [31m2020-12-19 13:35:08[0;39m [32m[http-nio-8088-exec-1][0;39m [34mINFO [0;39m [1;35mo.a.c.c.C.[Tomcat].[localhost].[/][0;39m - [33mInitializing Spring DispatcherServlet 'dispatcherServlet'
[0;39m[35mlogback-[0;39m [31m2020-12-19 13:35:08[0;39m [32m[http-nio-8088-exec-1][0;39m [34mINFO [0;39m [1;35mo.s.web.servlet.DispatcherServlet[0;39m - [33mInitializing Servlet 'dispatcherServlet'
[0;39m[35mlogback-[0;39m [31m2020-12-19 13:35:08[0;39m [32m[http-nio-8088-exec-1][0;39m [34mINFO [0;39m [1;35mo.s.web.servlet.DispatcherServlet[0;39m - [33mCompleted initialization in 12 ms
[0;39m[35mlogback-[0;39m [31m2020-12-19 13:35:08[0;39m [32m[http-nio-8088-exec-2][0;39m [34mINFO [0;39m [1;35mc.alibaba.druid.pool.DruidDataSource[0;39m - [33m{dataSource-1} inited
[0;39m[35mlogback-[0;39m [31m2020-12-19 14:09:27[0;39m [32m[restartedMain][0;39m [34mINFO [0;39m [1;35mcom.cloud.music.MusicApplication[0;39m - [33mStarting MusicApplication on LAPTOP-RT5PR5EG with PID 19440 (G:\IdeaProject\Music\target\classes started by ASUS in G:\IdeaProject\Music)
[0;39m[35mlogback-[0;39m [31m2020-12-19 14:09:27[0;39m [32m[restartedMain][0;39m [34mINFO [0;39m [1;35mcom.cloud.music.MusicApplication[0;39m - [33mNo active profile set, falling back to default profiles: default
[0;39m[35mlogback-[0;39m [31m2020-12-19 14:09:27[0;39m [32m[restartedMain][0;39m [34mINFO [0;39m [1;35mo.s.b.d.restart.ChangeableUrls[0;39m - [33mThe Class-Path manifest attribute in G:\maven\repository\com\sun\xml\bind\jaxb-impl\2.2.3-1\jaxb-impl-2.2.3-1.jar referenced one or more files that do not exist: file:/G:/maven/repository/com/sun/xml/bind/jaxb-impl/2.2.3-1/jaxb-api.jar,file:/G:/maven/repository/com/sun/xml/bind/jaxb-impl/2.2.3-1/activation.jar,file:/G:/maven/repository/com/sun/xml/bind/jaxb-impl/2.2.3-1/jsr173_1.0_api.jar,file:/G:/maven/repository/com/sun/xml/bind/jaxb-impl/2.2.3-1/jaxb1-impl.jar
[0;39m[35mlogback-[0;39m [31m2020-12-19 14:09:27[0;39m [32m[restartedMain][0;39m [34mINFO [0;39m [1;35mo.s.b.d.e.DevToolsPropertyDefaultsPostProcessor[0;39m - [33mDevtools property defaults active! Set 'spring.devtools.add-properties' to 'false' to disable
[0;39m[35mlogback-[0;39m [31m2020-12-19 14:09:27[0;39m [32m[restartedMain][0;39m [34mINFO [0;39m [1;35mo.s.b.d.e.DevToolsPropertyDefaultsPostProcessor[0;39m - [33mFor additional web related logging consider setting the 'logging.level.web' property to 'DEBUG'
[0;39m[35mlogback-[0;39m [31m2020-12-19 14:09:30[0;39m [32m[restartedMain][0;39m [34mINFO [0;39m [1;35mo.s.b.w.e.tomcat.TomcatWebServer[0;39m - [33mTomcat initialized with port(s): 8088 (http)
[0;39m[35mlogback-[0;39m [31m2020-12-19 14:09:30[0;39m [32m[restartedMain][0;39m [34mINFO [0;39m [1;35mo.a.coyote.http11.Http11NioProtocol[0;39m - [33mInitializing ProtocolHandler ["http-nio-8088"]
[0;39m[35mlogback-[0;39m [31m2020-12-19 14:09:30[0;39m [32m[restartedMain][0;39m [34mINFO [0;39m [1;35mo.a.catalina.core.StandardService[0;39m - [33mStarting service [Tomcat]
[0;39m[35mlogback-[0;39m [31m2020-12-19 14:09:30[0;39m [32m[restartedMain][0;39m [34mINFO [0;39m [1;35mo.a.catalina.core.StandardEngine[0;39m - [33mStarting Servlet engine: [Apache Tomcat/9.0.38]
[0;39m[35mlogback-[0;39m [31m2020-12-19 14:09:30[0;39m [32m[restartedMain][0;39m [34mINFO [0;39m [1;35mo.a.c.c.C.[Tomcat].[localhost].[/][0;39m - [33mInitializing Spring embedded WebApplicationContext
[0;39m[35mlogback-[0;39m [31m2020-12-19 14:09:30[0;39m [32m[restartedMain][0;39m [34mINFO [0;39m [1;35mo.s.b.w.s.c.ServletWebServerApplicationContext[0;39m - [33mRoot WebApplicationContext: initialization completed in 2335 ms
[0;39m[35mlogback-[0;39m [31m2020-12-19 14:09:32[0;39m [32m[restartedMain][0;39m [34mINFO [0;39m [1;35mo.s.s.c.ThreadPoolTaskExecutor[0;39m - [33mInitializing ExecutorService 'applicationTaskExecutor'
[0;39m[35mlogback-[0;39m [31m2020-12-19 14:09:32[0;39m [32m[restartedMain][0;39m [34mINFO [0;39m [1;35mo.s.b.d.a.OptionalLiveReloadServer[0;39m - [33mLiveReload server is running on port 35729
[0;39m[35mlogback-[0;39m [31m2020-12-19 14:09:32[0;39m [32m[restartedMain][0;39m [34mINFO [0;39m [1;35mo.a.coyote.http11.Http11NioProtocol[0;39m - [33mStarting ProtocolHandler ["http-nio-8088"]
[0;39m[35mlogback-[0;39m [31m2020-12-19 14:09:32[0;39m [32m[restartedMain][0;39m [34mINFO [0;39m [1;35mo.s.b.w.e.tomcat.TomcatWebServer[0;39m - [33mTomcat started on port(s): 8088 (http) with context path ''
[0;39m[35mlogback-[0;39m [31m2020-12-19 14:09:32[0;39m [32m[restartedMain][0;39m [34mINFO [0;39m [1;35mcom.cloud.music.MusicApplication[0;39m - [33mStarted MusicApplication in 5.745 seconds (JVM running for 7.718)
[0;39m[35mlogback-[0;39m [31m2020-12-19 14:10:28[0;39m [32m[http-nio-8088-exec-1][0;39m [34mINFO [0;39m [1;35mo.a.c.c.C.[Tomcat].[localhost].[/][0;39m - [33mInitializing Spring DispatcherServlet 'dispatcherServlet'
[0;39m[35mlogback-[0;39m [31m2020-12-19 14:10:28[0;39m [32m[http-nio-8088-exec-1][0;39m [34mINFO [0;39m [1;35mo.s.web.servlet.DispatcherServlet[0;39m - [33mInitializing Servlet 'dispatcherServlet'
[0;39m[35mlogback-[0;39m [31m2020-12-19 14:10:28[0;39m [32m[http-nio-8088-exec-1][0;39m [34mINFO [0;39m [1;35mo.s.web.servlet.DispatcherServlet[0;39m - [33mCompleted initialization in 15 ms
[0;39m[35mlogback-[0;39m [31m2020-12-19 14:10:28[0;39m [32m[http-nio-8088-exec-1][0;39m [34mINFO [0;39m [1;35mc.alibaba.druid.pool.DruidDataSource[0;39m - [33m{dataSource-1} inited
[0;39m[35mlogback-[0;39m [31m2020-12-19 14:21:21[0;39m [32m[SpringContextShutdownHook][0;39m [34mINFO [0;39m [1;35mo.s.s.c.ThreadPoolTaskExecutor[0;39m - [33mShutting down ExecutorService 'applicationTaskExecutor'
[0;39m[35mlogback-[0;39m [31m2020-12-19 14:21:21[0;39m [32m[SpringContextShutdownHook][0;39m [34mINFO [0;39m [1;35mc.alibaba.druid.pool.DruidDataSource[0;39m - [33m{dataSource-1} closed
[0;39m[35mlogback-[0;39m [31m2020-12-19 14:21:36[0;39m [32m[restartedMain][0;39m [34mINFO [0;39m [1;35mcom.cloud.music.MusicApplication[0;39m - [33mStarting MusicApplication on LAPTOP-RT5PR5EG with PID 9404 (G:\IdeaProject\Music\target\classes started by ASUS in G:\IdeaProject\Music)
[0;39m[35mlogback-[0;39m [31m2020-12-19 14:21:36[0;39m [32m[restartedMain][0;39m [34mINFO [0;39m [1;35mcom.cloud.music.MusicApplication[0;39m - [33mNo active profile set, falling back to default profiles: default
[0;39m[35mlogback-[0;39m [31m2020-12-19 14:21:36[0;39m [32m[restartedMain][0;39m [34mINFO [0;39m [1;35mo.s.b.d.restart.ChangeableUrls[0;39m - [33mThe Class-Path manifest attribute in G:\maven\repository\com\sun\xml\bind\jaxb-impl\2.2.3-1\jaxb-impl-2.2.3-1.jar referenced one or more files that do not exist: file:/G:/maven/repository/com/sun/xml/bind/jaxb-impl/2.2.3-1/jaxb-api.jar,file:/G:/maven/repository/com/sun/xml/bind/jaxb-impl/2.2.3-1/activation.jar,file:/G:/maven/repository/com/sun/xml/bind/jaxb-impl/2.2.3-1/jsr173_1.0_api.jar,file:/G:/maven/repository/com/sun/xml/bind/jaxb-impl/2.2.3-1/jaxb1-impl.jar
[0;39m[35mlogback-[0;39m [31m2020-12-19 14:21:36[0;39m [32m[restartedMain][0;39m [34mINFO [0;39m [1;35mo.s.b.d.e.DevToolsPropertyDefaultsPostProcessor[0;39m - [33mDevtools property defaults active! Set 'spring.devtools.add-properties' to 'false' to disable
[0;39m[35mlogback-[0;39m [31m2020-12-19 14:21:36[0;39m [32m[restartedMain][0;39m [34mINFO [0;39m [1;35mo.s.b.d.e.DevToolsPropertyDefaultsPostProcessor[0;39m - [33mFor additional web related logging consider setting the 'logging.level.web' property to 'DEBUG'
[0;39m[35mlogback-[0;39m [31m2020-12-19 14:21:39[0;39m [32m[restartedMain][0;39m [34mINFO [0;39m [1;35mo.s.b.w.e.tomcat.TomcatWebServer[0;39m - [33mTomcat initialized with port(s): 8088 (http)
[0;39m[35mlogback-[0;39m [31m2020-12-19 14:21:39[0;39m [32m[restartedMain][0;39m [34mINFO [0;39m [1;35mo.a.coyote.http11.Http11NioProtocol[0;39m - [33mInitializing ProtocolHandler ["http-nio-8088"]
[0;39m[35mlogback-[0;39m [31m2020-12-19 14:21:39[0;39m [32m[restartedMain][0;39m [34mINFO [0;39m [1;35mo.a.catalina.core.StandardService[0;39m - [33mStarting service [Tomcat]
[0;39m[35mlogback-[0;39m [31m2020-12-19 14:21:39[0;39m [32m[restartedMain][0;39m [34mINFO [0;39m [1;35mo.a.catalina.core.StandardEngine[0;39m - [33mStarting Servlet engine: [Apache Tomcat/9.0.38]
[0;39m[35mlogback-[0;39m [31m2020-12-19 14:21:39[0;39m [32m[restartedMain][0;39m [34mINFO [0;39m [1;35mo.a.c.c.C.[Tomcat].[localhost].[/][0;39m - [33mInitializing Spring embedded WebApplicationContext
[0;39m[35mlogback-[0;39m [31m2020-12-19 14:21:39[0;39m [32m[restartedMain][0;39m [34mINFO [0;39m [1;35mo.s.b.w.s.c.ServletWebServerApplicationContext[0;39m - [33mRoot WebApplicationContext: initialization completed in 2884 ms
[0;39m[35mlogback-[0;39m [31m2020-12-19 14:21:43[0;39m [32m[restartedMain][0;39m [34mINFO [0;39m [1;35mo.s.s.c.ThreadPoolTaskExecutor[0;39m - [33mInitializing ExecutorService 'applicationTaskExecutor'
[0;39m[35mlogback-[0;39m [31m2020-12-19 14:21:43[0;39m [32m[restartedMain][0;39m [34mINFO [0;39m [1;35mo.s.b.d.a.OptionalLiveReloadServer[0;39m - [33mLiveReload server is running on port 35729
[0;39m[35mlogback-[0;39m [31m2020-12-19 14:21:43[0;39m [32m[restartedMain][0;39m [34mINFO [0;39m [1;35mo.a.coyote.http11.Http11NioProtocol[0;39m - [33mStarting ProtocolHandler ["http-nio-8088"]
[0;39m[35mlogback-[0;39m [31m2020-12-19 14:21:43[0;39m [32m[restartedMain][0;39m [34mINFO [0;39m [1;35mo.s.b.w.e.tomcat.TomcatWebServer[0;39m - [33mTomcat started on port(s): 8088 (http) with context path ''
[0;39m[35mlogback-[0;39m [31m2020-12-19 14:21:44[0;39m [32m[restartedMain][0;39m [34mINFO [0;39m [1;35mcom.cloud.music.MusicApplication[0;39m - [33mStarted MusicApplication in 8.271 seconds (JVM running for 9.985)
[0;39m[35mlogback-[0;39m [31m2020-12-19 14:22:10[0;39m [32m[http-nio-8088-exec-2][0;39m [34mINFO [0;39m [1;35mo.a.c.c.C.[Tomcat].[localhost].[/][0;39m - [33mInitializing Spring DispatcherServlet 'dispatcherServlet'
[0;39m[35mlogback-[0;39m [31m2020-12-19 14:22:10[0;39m [32m[http-nio-8088-exec-2][0;39m [34mINFO [0;39m [1;35mo.s.web.servlet.DispatcherServlet[0;39m - [33mInitializing Servlet 'dispatcherServlet'
[0;39m[35mlogback-[0;39m [31m2020-12-19 14:22:10[0;39m [32m[http-nio-8088-exec-2][0;39m [34mINFO [0;39m [1;35mo.s.web.servlet.DispatcherServlet[0;39m - [33mCompleted initialization in 16 ms
[0;39m[35mlogback-[0;39m [31m2020-12-19 14:22:14[0;39m [32m[http-nio-8088-exec-1][0;39m [34mINFO [0;39m [1;35mc.alibaba.druid.pool.DruidDataSource[0;39m - [33m{dataSource-1} inited
[0;39m[35mlogback-[0;39m [31m2020-12-19 14:31:57[0;39m [32m[SpringContextShutdownHook][0;39m [34mINFO [0;39m [1;35mo.s.s.c.ThreadPoolTaskExecutor[0;39m - [33mShutting down ExecutorService 'applicationTaskExecutor'
[0;39m[35mlogback-[0;39m [31m2020-12-19 14:31:57[0;39m [32m[SpringContextShutdownHook][0;39m [34mINFO [0;39m [1;35mc.alibaba.druid.pool.DruidDataSource[0;39m - [33m{dataSource-1} closed
[0;39m[35mlogback-[0;39m [31m2020-12-19 14:32:03[0;39m [32m[restartedMain][0;39m [34mINFO [0;39m [1;35mcom.cloud.music.MusicApplication[0;39m - [33mStarting MusicApplication on LAPTOP-RT5PR5EG with PID 19172 (G:\IdeaProject\Music\target\classes started by ASUS in G:\IdeaProject\Music)
[0;39m[35mlogback-[0;39m [31m2020-12-19 14:32:03[0;39m [32m[restartedMain][0;39m [34mINFO [0;39m [1;35mcom.cloud.music.MusicApplication[0;39m - [33mNo active profile set, falling back to default profiles: default
[0;39m[35mlogback-[0;39m [31m2020-12-19 14:32:03[0;39m [32m[restartedMain][0;39m [34mINFO [0;39m [1;35mo.s.b.d.restart.ChangeableUrls[0;39m - [33mThe Class-Path manifest attribute in G:\maven\repository\com\sun\xml\bind\jaxb-impl\2.2.3-1\jaxb-impl-2.2.3-1.jar referenced one or more files that do not exist: file:/G:/maven/repository/com/sun/xml/bind/jaxb-impl/2.2.3-1/jaxb-api.jar,file:/G:/maven/repository/com/sun/xml/bind/jaxb-impl/2.2.3-1/activation.jar,file:/G:/maven/repository/com/sun/xml/bind/jaxb-impl/2.2.3-1/jsr173_1.0_api.jar,file:/G:/maven/repository/com/sun/xml/bind/jaxb-impl/2.2.3-1/jaxb1-impl.jar
[0;39m[35mlogback-[0;39m [31m2020-12-19 14:32:03[0;39m [32m[restartedMain][0;39m [34mINFO [0;39m [1;35mo.s.b.d.e.DevToolsPropertyDefaultsPostProcessor[0;39m - [33mDevtools property defaults active! Set 'spring.devtools.add-properties' to 'false' to disable
[0;39m[35mlogback-[0;39m [31m2020-12-19 14:32:03[0;39m [32m[restartedMain][0;39m [34mINFO [0;39m [1;35mo.s.b.d.e.DevToolsPropertyDefaultsPostProcessor[0;39m - [33mFor additional web related logging consider setting the 'logging.level.web' property to 'DEBUG'
[0;39m[35mlogback-[0;39m [31m2020-12-19 14:32:05[0;39m [32m[restartedMain][0;39m [34mINFO [0;39m [1;35mo.s.b.w.e.tomcat.TomcatWebServer[0;39m - [33mTomcat initialized with port(s): 8088 (http)
[0;39m[35mlogback-[0;39m [31m2020-12-19 14:32:05[0;39m [32m[restartedMain][0;39m [34mINFO [0;39m [1;35mo.a.coyote.http11.Http11NioProtocol[0;39m - [33mInitializing ProtocolHandler ["http-nio-8088"]
[0;39m[35mlogback-[0;39m [31m2020-12-19 14:32:05[0;39m [32m[restartedMain][0;39m [34mINFO [0;39m [1;35mo.a.catalina.core.StandardService[0;39m - [33mStarting service [Tomcat]
[0;39m[35mlogback-[0;39m [31m2020-12-19 14:32:05[0;39m [32m[restartedMain][0;39m [34mINFO [0;39m [1;35mo.a.catalina.core.StandardEngine[0;39m - [33mStarting Servlet engine: [Apache Tomcat/9.0.38]
[0;39m[35mlogback-[0;39m [31m2020-12-19 14:32:05[0;39m [32m[restartedMain][0;39m [34mINFO [0;39m [1;35mo.a.c.c.C.[Tomcat].[localhost].[/][0;39m - [33mInitializing Spring embedded WebApplicationContext
[0;39m[35mlogback-[0;39m [31m2020-12-19 14:32:05[0;39m [32m[restartedMain][0;39m [34mINFO [0;39m [1;35mo.s.b.w.s.c.ServletWebServerApplicationContext[0;39m - [33mRoot WebApplicationContext: initialization completed in 1640 ms
[0;39m[35mlogback-[0;39m [31m2020-12-19 14:32:08[0;39m [32m[restartedMain][0;39m [34mINFO [0;39m [1;35mo.s.s.c.ThreadPoolTaskExecutor[0;39m - [33mInitializing ExecutorService 'applicationTaskExecutor'
[0;39m[35mlogback-[0;39m [31m2020-12-19 14:32:08[0;39m [32m[restartedMain][0;39m [34mINFO [0;39m [1;35mo.s.b.d.a.OptionalLiveReloadServer[0;39m - [33mLiveReload server is running on port 35729
[0;39m[35mlogback-[0;39m [31m2020-12-19 14:32:08[0;39m [32m[restartedMain][0;39m [34mINFO [0;39m [1;35mo.a.coyote.http11.Http11NioProtocol[0;39m - [33mStarting ProtocolHandler ["http-nio-8088"]
[0;39m[35mlogback-[0;39m [31m2020-12-19 14:32:08[0;39m [32m[restartedMain][0;39m [34mINFO [0;39m [1;35mo.s.b.w.e.tomcat.TomcatWebServer[0;39m - [33mTomcat started on port(s): 8088 (http) with context path ''
[0;39m[35mlogback-[0;39m [31m2020-12-19 14:32:09[0;39m [32m[restartedMain][0;39m [34mINFO [0;39m [1;35mcom.cloud.music.MusicApplication[0;39m - [33mStarted MusicApplication in 6.145 seconds (JVM running for 7.751)
[0;39m[35mlogback-[0;39m [31m2020-12-19 14:32:19[0;39m [32m[http-nio-8088-exec-1][0;39m [34mINFO [0;39m [1;35mo.a.c.c.C.[Tomcat].[localhost].[/][0;39m - [33mInitializing Spring DispatcherServlet 'dispatcherServlet'
[0;39m[35mlogback-[0;39m [31m2020-12-19 14:32:19[0;39m [32m[http-nio-8088-exec-1][0;39m [34mINFO [0;39m [1;35mo.s.web.servlet.DispatcherServlet[0;39m - [33mInitializing Servlet 'dispatcherServlet'
[0;39m[35mlogback-[0;39m [31m2020-12-19 14:32:19[0;39m [32m[http-nio-8088-exec-1][0;39m [34mINFO [0;39m [1;35mo.s.web.servlet.DispatcherServlet[0;39m - [33mCompleted initialization in 14 ms
[0;39m[35mlogback-[0;39m [31m2020-12-19 14:32:19[0;39m [32m[http-nio-8088-exec-1][0;39m [34mINFO [0;39m [1;35mc.alibaba.druid.pool.DruidDataSource[0;39m - [33m{dataSource-1} inited
[0;39m[35mlogback-[0;39m [31m2020-12-19 14:43:47[0;39m [32m[SpringContextShutdownHook][0;39m [34mINFO [0;39m [1;35mo.s.s.c.ThreadPoolTaskExecutor[0;39m - [33mShutting down ExecutorService 'applicationTaskExecutor'
[0;39m[35mlogback-[0;39m [31m2020-12-19 14:43:47[0;39m [32m[SpringContextShutdownHook][0;39m [34mINFO [0;39m [1;35mc.alibaba.druid.pool.DruidDataSource[0;39m - [33m{dataSource-1} closed
[0;39m[35mlogback-[0;39m [31m2020-12-19 14:43:58[0;39m [32m[restartedMain][0;39m [34mINFO [0;39m [1;35mcom.cloud.music.MusicApplication[0;39m - [33mStarting MusicApplication on LAPTOP-RT5PR5EG with PID 16424 (G:\IdeaProject\Music\target\classes started by ASUS in G:\IdeaProject\Music)
[0;39m[35mlogback-[0;39m [31m2020-12-19 14:43:58[0;39m [32m[restartedMain][0;39m [34mINFO [0;39m [1;35mcom.cloud.music.MusicApplication[0;39m - [33mNo active profile set, falling back to default profiles: default
[0;39m[35mlogback-[0;39m [31m2020-12-19 14:43:58[0;39m [32m[restartedMain][0;39m [34mINFO [0;39m [1;35mo.s.b.d.restart.ChangeableUrls[0;39m - [33mThe Class-Path manifest attribute in G:\maven\repository\com\sun\xml\bind\jaxb-impl\2.2.3-1\jaxb-impl-2.2.3-1.jar referenced one or more files that do not exist: file:/G:/maven/repository/com/sun/xml/bind/jaxb-impl/2.2.3-1/jaxb-api.jar,file:/G:/maven/repository/com/sun/xml/bind/jaxb-impl/2.2.3-1/activation.jar,file:/G:/maven/repository/com/sun/xml/bind/jaxb-impl/2.2.3-1/jsr173_1.0_api.jar,file:/G:/maven/repository/com/sun/xml/bind/jaxb-impl/2.2.3-1/jaxb1-impl.jar
[0;39m[35mlogback-[0;39m [31m2020-12-19 14:43:58[0;39m [32m[restartedMain][0;39m [34mINFO [0;39m [1;35mo.s.b.d.e.DevToolsPropertyDefaultsPostProcessor[0;39m - [33mDevtools property defaults active! Set 'spring.devtools.add-properties' to 'false' to disable
[0;39m[35mlogback-[0;39m [31m2020-12-19 14:43:58[0;39m [32m[restartedMain][0;39m [34mINFO [0;39m [1;35mo.s.b.d.e.DevToolsPropertyDefaultsPostProcessor[0;39m - [33mFor additional web related logging consider setting the 'logging.level.web' property to 'DEBUG'
[0;39m[35mlogback-[0;39m [31m2020-12-19 14:43:59[0;39m [32m[restartedMain][0;39m [34mINFO [0;39m [1;35mo.s.b.w.e.tomcat.TomcatWebServer[0;39m - [33mTomcat initialized with port(s): 8088 (http)
[0;39m[35mlogback-[0;39m [31m2020-12-19 14:43:59[0;39m [32m[restartedMain][0;39m [34mINFO [0;39m [1;35mo.a.coyote.http11.Http11NioProtocol[0;39m - [33mInitializing ProtocolHandler ["http-nio-8088"]
[0;39m[35mlogback-[0;39m [31m2020-12-19 14:43:59[0;39m [32m[restartedMain][0;39m [34mINFO [0;39m [1;35mo.a.catalina.core.StandardService[0;39m - [33mStarting service [Tomcat]
[0;39m[35mlogback-[0;39m [31m2020-12-19 14:43:59[0;39m [32m[restartedMain][0;39m [34mINFO [0;39m [1;35mo.a.catalina.core.StandardEngine[0;39m - [33mStarting Servlet engine: [Apache Tomcat/9.0.38]
[0;39m[35mlogback-[0;39m [31m2020-12-19 14:44:00[0;39m [32m[restartedMain][0;39m [34mINFO [0;39m [1;35mo.a.c.c.C.[Tomcat].[localhost].[/][0;39m - [33mInitializing Spring embedded WebApplicationContext
[0;39m[35mlogback-[0;39m [31m2020-12-19 14:44:00[0;39m [32m[restartedMain][0;39m [34mINFO [0;39m [1;35mo.s.b.w.s.c.ServletWebServerApplicationContext[0;39m - [33mRoot WebApplicationContext: initialization completed in 1942 ms
[0;39m[35mlogback-[0;39m [31m2020-12-19 14:44:02[0;39m [32m[restartedMain][0;39m [34mINFO [0;39m [1;35mo.s.s.c.ThreadPoolTaskExecutor[0;39m - [33mInitializing ExecutorService 'applicationTaskExecutor'
[0;39m[35mlogback-[0;39m [31m2020-12-19 14:44:02[0;39m [32m[restartedMain][0;39m [34mINFO [0;39m [1;35mo.s.b.d.a.OptionalLiveReloadServer[0;39m - [33mLiveReload server is running on port 35729
[0;39m[35mlogback-[0;39m [31m2020-12-19 14:44:02[0;39m [32m[restartedMain][0;39m [34mINFO [0;39m [1;35mo.a.coyote.http11.Http11NioProtocol[0;39m - [33mStarting ProtocolHandler ["http-nio-8088"]
[0;39m[35mlogback-[0;39m [31m2020-12-19 14:44:02[0;39m [32m[restartedMain][0;39m [34mINFO [0;39m [1;35mo.s.b.w.e.tomcat.TomcatWebServer[0;39m - [33mTomcat started on port(s): 8088 (http) with context path ''
[0;39m[35mlogback-[0;39m [31m2020-12-19 14:44:02[0;39m [32m[restartedMain][0;39m [34mINFO [0;39m [1;35mcom.cloud.music.MusicApplication[0;39m - [33mStarted MusicApplication in 5.114 seconds (JVM running for 6.625)
[0;39m[35mlogback-[0;39m [31m2020-12-19 14:44:24[0;39m [32m[http-nio-8088-exec-2][0;39m [34mINFO [0;39m [1;35mo.a.c.c.C.[Tomcat].[localhost].[/][0;39m - [33mInitializing Spring DispatcherServlet 'dispatcherServlet'
[0;39m[35mlogback-[0;39m [31m2020-12-19 14:44:24[0;39m [32m[http-nio-8088-exec-2][0;39m [34mINFO [0;39m [1;35mo.s.web.servlet.DispatcherServlet[0;39m - [33mInitializing Servlet 'dispatcherServlet'
[0;39m[35mlogback-[0;39m [31m2020-12-19 14:44:24[0;39m [32m[http-nio-8088-exec-2][0;39m [34mINFO [0;39m [1;35mo.s.web.servlet.DispatcherServlet[0;39m - [33mCompleted initialization in 9 ms
[0;39m[35mlogback-[0;39m [31m2020-12-19 14:44:24[0;39m [32m[http-nio-8088-exec-2][0;39m [34mINFO [0;39m [1;35mc.alibaba.druid.pool.DruidDataSource[0;39m - [33m{dataSource-1} inited
[0;39m[35mlogback-[0;39m [31m2020-12-19 14:45:21[0;39m [32m[SpringContextShutdownHook][0;39m [34mINFO [0;39m [1;35mo.s.s.c.ThreadPoolTaskExecutor[0;39m - [33mShutting down ExecutorService 'applicationTaskExecutor'
[0;39m[35mlogback-[0;39m [31m2020-12-19 14:45:22[0;39m [32m[SpringContextShutdownHook][0;39m [34mINFO [0;39m [1;35mc.alibaba.druid.pool.DruidDataSource[0;39m - [33m{dataSource-1} closed
[0;39m[35mlogback-[0;39m [31m2020-12-19 14:45:33[0;39m [32m[restartedMain][0;39m [34mINFO [0;39m [1;35mcom.cloud.music.MusicApplication[0;39m - [33mStarting MusicApplication on LAPTOP-RT5PR5EG with PID 1760 (G:\IdeaProject\Music\target\classes started by ASUS in G:\IdeaProject\Music)
[0;39m[35mlogback-[0;39m [31m2020-12-19 14:45:33[0;39m [32m[restartedMain][0;39m [34mINFO [0;39m [1;35mcom.cloud.music.MusicApplication[0;39m - [33mNo active profile set, falling back to default profiles: default
[0;39m[35mlogback-[0;39m [31m2020-12-19 14:45:33[0;39m [32m[restartedMain][0;39m [34mINFO [0;39m [1;35mo.s.b.d.restart.ChangeableUrls[0;39m - [33mThe Class-Path manifest attribute in G:\maven\repository\com\sun\xml\bind\jaxb-impl\2.2.3-1\jaxb-impl-2.2.3-1.jar referenced one or more files that do not exist: file:/G:/maven/repository/com/sun/xml/bind/jaxb-impl/2.2.3-1/jaxb-api.jar,file:/G:/maven/repository/com/sun/xml/bind/jaxb-impl/2.2.3-1/activation.jar,file:/G:/maven/repository/com/sun/xml/bind/jaxb-impl/2.2.3-1/jsr173_1.0_api.jar,file:/G:/maven/repository/com/sun/xml/bind/jaxb-impl/2.2.3-1/jaxb1-impl.jar
[0;39m[35mlogback-[0;39m [31m2020-12-19 14:45:33[0;39m [32m[restartedMain][0;39m [34mINFO [0;39m [1;35mo.s.b.d.e.DevToolsPropertyDefaultsPostProcessor[0;39m - [33mDevtools property defaults active! Set 'spring.devtools.add-properties' to 'false' to disable
[0;39m[35mlogback-[0;39m [31m2020-12-19 14:45:33[0;39m [32m[restartedMain][0;39m [34mINFO [0;39m [1;35mo.s.b.d.e.DevToolsPropertyDefaultsPostProcessor[0;39m - [33mFor additional web related logging consider setting the 'logging.level.web' property to 'DEBUG'
[0;39m[35mlogback-[0;39m [31m2020-12-19 14:45:35[0;39m [32m[restartedMain][0;39m [34mINFO [0;39m [1;35mo.s.b.w.e.tomcat.TomcatWebServer[0;39m - [33mTomcat initialized with port(s): 8088 (http)
[0;39m[35mlogback-[0;39m [31m2020-12-19 14:45:35[0;39m [32m[restartedMain][0;39m [34mINFO [0;39m [1;35mo.a.coyote.http11.Http11NioProtocol[0;39m - [33mInitializing ProtocolHandler ["http-nio-8088"]
[0;39m[35mlogback-[0;39m [31m2020-12-19 14:45:35[0;39m [32m[restartedMain][0;39m [34mINFO [0;39m [1;35mo.a.catalina.core.StandardService[0;39m - [33mStarting service [Tomcat]
[0;39m[35mlogback-[0;39m [31m2020-12-19 14:45:35[0;39m [32m[restartedMain][0;39m [34mINFO [0;39m [1;35mo.a.catalina.core.StandardEngine[0;39m - [33mStarting Servlet engine: [Apache Tomcat/9.0.38]
[0;39m[35mlogback-[0;39m [31m2020-12-19 14:45:35[0;39m [32m[restartedMain][0;39m [34mINFO [0;39m [1;35mo.a.c.c.C.[Tomcat].[localhost].[/][0;39m - [33mInitializing Spring embedded WebApplicationContext
[0;39m[35mlogback-[0;39m [31m2020-12-19 14:45:35[0;39m [32m[restartedMain][0;39m [34mINFO [0;39m [1;35mo.s.b.w.s.c.ServletWebServerApplicationContext[0;39m - [33mRoot WebApplicationContext: initialization completed in 1718 ms
[0;39m[35mlogback-[0;39m [31m2020-12-19 14:45:37[0;39m [32m[restartedMain][0;39m [34mINFO [0;39m [1;35mo.s.s.c.ThreadPoolTaskExecutor[0;39m - [33mInitializing ExecutorService 'applicationTaskExecutor'
[0;39m[35mlogback-[0;39m [31m2020-12-19 14:45:37[0;39m [32m[restartedMain][0;39m [34mINFO [0;39m [1;35mo.s.b.d.a.OptionalLiveReloadServer[0;39m - [33mLiveReload server is running on port 35729
[0;39m[35mlogback-[0;39m [31m2020-12-19 14:45:38[0;39m [32m[restartedMain][0;39m [34mINFO [0;39m [1;35mo.a.coyote.http11.Http11NioProtocol[0;39m - [33mStarting ProtocolHandler ["http-nio-8088"]
[0;39m[35mlogback-[0;39m [31m2020-12-19 14:45:38[0;39m [32m[restartedMain][0;39m [34mINFO [0;39m [1;35mo.s.b.w.e.tomcat.TomcatWebServer[0;39m - [33mTomcat started on port(s): 8088 (http) with context path ''
[0;39m[35mlogback-[0;39m [31m2020-12-19 14:45:38[0;39m [32m[restartedMain][0;39m [34mINFO [0;39m [1;35mcom.cloud.music.MusicApplication[0;39m - [33mStarted MusicApplication in 4.999 seconds (JVM running for 6.517)
[0;39m[35mlogback-[0;39m [31m2020-12-19 14:46:31[0;39m [32m[http-nio-8088-exec-1][0;39m [34mINFO [0;39m [1;35mo.a.c.c.C.[Tomcat].[localhost].[/][0;39m - [33mInitializing Spring DispatcherServlet 'dispatcherServlet'
[0;39m[35mlogback-[0;39m [31m2020-12-19 14:46:31[0;39m [32m[http-nio-8088-exec-1][0;39m [34mINFO [0;39m [1;35mo.s.web.servlet.DispatcherServlet[0;39m - [33mInitializing Servlet 'dispatcherServlet'
[0;39m[35mlogback-[0;39m [31m2020-12-19 14:46:31[0;39m [32m[http-nio-8088-exec-1][0;39m [34mINFO [0;39m [1;35mo.s.web.servlet.DispatcherServlet[0;39m - [33mCompleted initialization in 11 ms
[0;39m[35mlogback-[0;39m [31m2020-12-19 14:46:31[0;39m [32m[http-nio-8088-exec-1][0;39m [34mINFO [0;39m [1;35mc.alibaba.druid.pool.DruidDataSource[0;39m - [33m{dataSource-1} inited
[0;39m[35mlogback-[0;39m [31m2020-12-19 14:51:08[0;39m [32m[SpringContextShutdownHook][0;39m [34mINFO [0;39m [1;35mo.s.s.c.ThreadPoolTaskExecutor[0;39m - [33mShutting down ExecutorService 'applicationTaskExecutor'
[0;39m[35mlogback-[0;39m [31m2020-12-19 14:51:08[0;39m [32m[SpringContextShutdownHook][0;39m [34mINFO [0;39m [1;35mc.alibaba.druid.pool.DruidDataSource[0;39m - [33m{dataSource-1} closed
[0;39m[35mlogback-[0;39m [31m2020-12-19 14:51:23[0;39m [32m[restartedMain][0;39m [34mINFO [0;39m [1;35mcom.cloud.music.MusicApplication[0;39m - [33mStarting MusicApplication on LAPTOP-RT5PR5EG with PID 18476 (G:\IdeaProject\Music\target\classes started by ASUS in G:\IdeaProject\Music)
[0;39m[35mlogback-[0;39m [31m2020-12-19 14:51:24[0;39m [32m[restartedMain][0;39m [34mINFO [0;39m [1;35mcom.cloud.music.MusicApplication[0;39m - [33mNo active profile set, falling back to default profiles: default
[0;39m[35mlogback-[0;39m [31m2020-12-19 14:51:24[0;39m [32m[restartedMain][0;39m [34mINFO [0;39m [1;35mo.s.b.d.restart.ChangeableUrls[0;39m - [33mThe Class-Path manifest attribute in G:\maven\repository\com\sun\xml\bind\jaxb-impl\2.2.3-1\jaxb-impl-2.2.3-1.jar referenced one or more files that do not exist: file:/G:/maven/repository/com/sun/xml/bind/jaxb-impl/2.2.3-1/jaxb-api.jar,file:/G:/maven/repository/com/sun/xml/bind/jaxb-impl/2.2.3-1/activation.jar,file:/G:/maven/repository/com/sun/xml/bind/jaxb-impl/2.2.3-1/jsr173_1.0_api.jar,file:/G:/maven/repository/com/sun/xml/bind/jaxb-impl/2.2.3-1/jaxb1-impl.jar
[0;39m[35mlogback-[0;39m [31m2020-12-19 14:51:24[0;39m [32m[restartedMain][0;39m [34mINFO [0;39m [1;35mo.s.b.d.e.DevToolsPropertyDefaultsPostProcessor[0;39m - [33mDevtools property defaults active! Set 'spring.devtools.add-properties' to 'false' to disable
[0;39m[35mlogback-[0;39m [31m2020-12-19 14:51:24[0;39m [32m[restartedMain][0;39m [34mINFO [0;39m [1;35mo.s.b.d.e.DevToolsPropertyDefaultsPostProcessor[0;39m - [33mFor additional web related logging consider setting the 'logging.level.web' property to 'DEBUG'
[0;39m[35mlogback-[0;39m [31m2020-12-19 14:51:25[0;39m [32m[restartedMain][0;39m [34mINFO [0;39m [1;35mo.s.b.w.e.tomcat.TomcatWebServer[0;39m - [33mTomcat initialized with port(s): 8088 (http)
[0;39m[35mlogback-[0;39m [31m2020-12-19 14:51:25[0;39m [32m[restartedMain][0;39m [34mINFO [0;39m [1;35mo.a.coyote.http11.Http11NioProtocol[0;39m - [33mInitializing ProtocolHandler ["http-nio-8088"]
[0;39m[35mlogback-[0;39m [31m2020-12-19 14:51:25[0;39m [32m[restartedMain][0;39m [34mINFO [0;39m [1;35mo.a.catalina.core.StandardService[0;39m - [33mStarting service [Tomcat]
[0;39m[35mlogback-[0;39m [31m2020-12-19 14:51:25[0;39m [32m[restartedMain][0;39m [34mINFO [0;39m [1;35mo.a.catalina.core.StandardEngine[0;39m - [33mStarting Servlet engine: [Apache Tomcat/9.0.38]
[0;39m[35mlogback-[0;39m [31m2020-12-19 14:51:25[0;39m [32m[restartedMain][0;39m [34mINFO [0;39m [1;35mo.a.c.c.C.[Tomcat].[localhost].[/][0;39m - [33mInitializing Spring embedded WebApplicationContext
[0;39m[35mlogback-[0;39m [31m2020-12-19 14:51:25[0;39m [32m[restartedMain][0;39m [34mINFO [0;39m [1;35mo.s.b.w.s.c.ServletWebServerApplicationContext[0;39m - [33mRoot WebApplicationContext: initialization completed in 1686 ms
[0;39m[35mlogback-[0;39m [31m2020-12-19 14:51:27[0;39m [32m[restartedMain][0;39m [34mINFO [0;39m [1;35mo.s.s.c.ThreadPoolTaskExecutor[0;39m - [33mInitializing ExecutorService 'applicationTaskExecutor'
[0;39m[35mlogback-[0;39m [31m2020-12-19 14:51:27[0;39m [32m[restartedMain][0;39m [34mINFO [0;39m [1;35mo.s.b.d.a.OptionalLiveReloadServer[0;39m - [33mLiveReload server is running on port 35729
[0;39m[35mlogback-[0;39m [31m2020-12-19 14:51:28[0;39m [32m[restartedMain][0;39m [34mINFO [0;39m [1;35mo.a.coyote.http11.Http11NioProtocol[0;39m - [33mStarting ProtocolHandler ["http-nio-8088"]
[0;39m[35mlogback-[0;39m [31m2020-12-19 14:51:28[0;39m [32m[restartedMain][0;39m [34mINFO [0;39m [1;35mo.s.b.w.e.tomcat.TomcatWebServer[0;39m - [33mTomcat started on port(s): 8088 (http) with context path ''
[0;39m[35mlogback-[0;39m [31m2020-12-19 14:51:28[0;39m [32m[restartedMain][0;39m [34mINFO [0;39m [1;35mcom.cloud.music.MusicApplication[0;39m - [33mStarted MusicApplication in 5.025 seconds (JVM running for 6.689)
[0;39m[35mlogback-[0;39m [31m2020-12-19 14:51:33[0;39m [32m[http-nio-8088-exec-1][0;39m [34mINFO [0;39m [1;35mo.a.c.c.C.[Tomcat].[localhost].[/][0;39m - [33mInitializing Spring DispatcherServlet 'dispatcherServlet'
[0;39m[35mlogback-[0;39m [31m2020-12-19 14:51:33[0;39m [32m[http-nio-8088-exec-1][0;39m [34mINFO [0;39m [1;35mo.s.web.servlet.DispatcherServlet[0;39m - [33mInitializing Servlet 'dispatcherServlet'
[0;39m[35mlogback-[0;39m [31m2020-12-19 14:51:33[0;39m [32m[http-nio-8088-exec-1][0;39m [34mINFO [0;39m [1;35mo.s.web.servlet.DispatcherServlet[0;39m - [33mCompleted initialization in 11 ms
[0;39m[35mlogback-[0;39m [31m2020-12-19 14:51:33[0;39m [32m[http-nio-8088-exec-1][0;39m [34mINFO [0;39m [1;35mc.alibaba.druid.pool.DruidDataSource[0;39m - [33m{dataSource-1} inited
[0;39m[35mlogback-[0;39m [31m2020-12-19 14:58:31[0;39m [32m[SpringContextShutdownHook][0;39m [34mINFO [0;39m [1;35mo.s.s.c.ThreadPoolTaskExecutor[0;39m - [33mShutting down ExecutorService 'applicationTaskExecutor'
[0;39m[35mlogback-[0;39m [31m2020-12-19 14:58:31[0;39m [32m[SpringContextShutdownHook][0;39m [34mINFO [0;39m [1;35mc.alibaba.druid.pool.DruidDataSource[0;39m - [33m{dataSource-1} closed
[0;39m[35mlogback-[0;39m [31m2020-12-19 14:59:14[0;39m [32m[restartedMain][0;39m [34mINFO [0;39m [1;35mcom.cloud.music.MusicApplication[0;39m - [33mStarting MusicApplication on LAPTOP-RT5PR5EG with PID 14812 (G:\IdeaProject\Music\target\classes started by ASUS in G:\IdeaProject\Music)
[0;39m[35mlogback-[0;39m [31m2020-12-19 14:59:14[0;39m [32m[restartedMain][0;39m [34mINFO [0;39m [1;35mcom.cloud.music.MusicApplication[0;39m - [33mNo active profile set, falling back to default profiles: default
[0;39m[35mlogback-[0;39m [31m2020-12-19 14:59:14[0;39m [32m[restartedMain][0;39m [34mINFO [0;39m [1;35mo.s.b.d.restart.ChangeableUrls[0;39m - [33mThe Class-Path manifest attribute in G:\maven\repository\com\sun\xml\bind\jaxb-impl\2.2.3-1\jaxb-impl-2.2.3-1.jar referenced one or more files that do not exist: file:/G:/maven/repository/com/sun/xml/bind/jaxb-impl/2.2.3-1/jaxb-api.jar,file:/G:/maven/repository/com/sun/xml/bind/jaxb-impl/2.2.3-1/activation.jar,file:/G:/maven/repository/com/sun/xml/bind/jaxb-impl/2.2.3-1/jsr173_1.0_api.jar,file:/G:/maven/repository/com/sun/xml/bind/jaxb-impl/2.2.3-1/jaxb1-impl.jar
[0;39m[35mlogback-[0;39m [31m2020-12-19 14:59:14[0;39m [32m[restartedMain][0;39m [34mINFO [0;39m [1;35mo.s.b.d.e.DevToolsPropertyDefaultsPostProcessor[0;39m - [33mDevtools property defaults active! Set 'spring.devtools.add-properties' to 'false' to disable
[0;39m[35mlogback-[0;39m [31m2020-12-19 14:59:14[0;39m [32m[restartedMain][0;39m [34mINFO [0;39m [1;35mo.s.b.d.e.DevToolsPropertyDefaultsPostProcessor[0;39m - [33mFor additional web related logging consider setting the 'logging.level.web' property to 'DEBUG'
[0;39m[35mlogback-[0;39m [31m2020-12-19 14:59:16[0;39m [32m[restartedMain][0;39m [34mINFO [0;39m [1;35mo.s.b.w.e.tomcat.TomcatWebServer[0;39m - [33mTomcat initialized with port(s): 8088 (http)
[0;39m[35mlogback-[0;39m [31m2020-12-19 14:59:16[0;39m [32m[restartedMain][0;39m [34mINFO [0;39m [1;35mo.a.coyote.http11.Http11NioProtocol[0;39m - [33mInitializing ProtocolHandler ["http-nio-8088"]
[0;39m[35mlogback-[0;39m [31m2020-12-19 14:59:16[0;39m [32m[restartedMain][0;39m [34mINFO [0;39m [1;35mo.a.catalina.core.StandardService[0;39m - [33mStarting service [Tomcat]
[0;39m[35mlogback-[0;39m [31m2020-12-19 14:59:16[0;39m [32m[restartedMain][0;39m [34mINFO [0;39m [1;35mo.a.catalina.core.StandardEngine[0;39m - [33mStarting Servlet engine: [Apache Tomcat/9.0.38]
[0;39m[35mlogback-[0;39m [31m2020-12-19 14:59:16[0;39m [32m[restartedMain][0;39m [34mINFO [0;39m [1;35mo.a.c.c.C.[Tomcat].[localhost].[/][0;39m - [33mInitializing Spring embedded WebApplicationContext
[0;39m[35mlogback-[0;39m [31m2020-12-19 14:59:16[0;39m [32m[restartedMain][0;39m [34mINFO [0;39m [1;35mo.s.b.w.s.c.ServletWebServerApplicationContext[0;39m - [33mRoot WebApplicationContext: initialization completed in 2096 ms
[0;39m[35mlogback-[0;39m [31m2020-12-19 14:59:20[0;39m [32m[restartedMain][0;39m [34mINFO [0;39m [1;35mo.s.s.c.ThreadPoolTaskExecutor[0;39m - [33mInitializing ExecutorService 'applicationTaskExecutor'
[0;39m[35mlogback-[0;39m [31m2020-12-19 14:59:20[0;39m [32m[restartedMain][0;39m [34mINFO [0;39m [1;35mo.s.b.d.a.OptionalLiveReloadServer[0;39m - [33mLiveReload server is running on port 35729
[0;39m[35mlogback-[0;39m [31m2020-12-19 14:59:20[0;39m [32m[restartedMain][0;39m [34mINFO [0;39m [1;35mo.a.coyote.http11.Http11NioProtocol[0;39m - [33mStarting ProtocolHandler ["http-nio-8088"]
[0;39m[35mlogback-[0;39m [31m2020-12-19 14:59:20[0;39m [32m[restartedMain][0;39m [34mINFO [0;39m [1;35mo.s.b.w.e.tomcat.TomcatWebServer[0;39m - [33mTomcat started on port(s): 8088 (http) with context path ''
[0;39m[35mlogback-[0;39m [31m2020-12-19 14:59:20[0;39m [32m[http-nio-8088-exec-1][0;39m [34mINFO [0;39m [1;35mo.a.c.c.C.[Tomcat].[localhost].[/][0;39m - [33mInitializing Spring DispatcherServlet 'dispatcherServlet'
[0;39m[35mlogback-[0;39m [31m2020-12-19 14:59:20[0;39m [32m[http-nio-8088-exec-1][0;39m [34mINFO [0;39m [1;35mo.s.web.servlet.DispatcherServlet[0;39m - [33mInitializing Servlet 'dispatcherServlet'
[0;39m[35mlogback-[0;39m [31m2020-12-19 14:59:21[0;39m [32m[http-nio-8088-exec-1][0;39m [34mINFO [0;39m [1;35mo.s.web.servlet.DispatcherServlet[0;39m - [33mCompleted initialization in 15 ms
[0;39m[35mlogback-[0;39m [31m2020-12-19 14:59:21[0;39m [32m[http-nio-8088-exec-1][0;39m [34mINFO [0;39m [1;35mc.alibaba.druid.pool.DruidDataSource[0;39m - [33m{dataSource-1} inited
[0;39m[35mlogback-[0;39m [31m2020-12-19 14:59:21[0;39m [32m[restartedMain][0;39m [34mINFO [0;39m [1;35mcom.cloud.music.MusicApplication[0;39m - [33mStarted MusicApplication in 7.54 seconds (JVM running for 9.119)
[0;39m[35mlogback-[0;39m [31m2020-12-19 15:36:49[0;39m [32m[http-nio-8088-exec-10][0;39m [34mINFO [0;39m [1;35mc.c.m.c.u.i.UploadToLocalServiceImpl[0;39m - [33m删除文件不存在
[0;39m[35mlogback-[0;39m [31m2020-12-19 15:42:09[0;39m [32m[http-nio-8088-exec-4][0;39m [34mINFO [0;39m [1;35mc.c.m.c.u.i.UploadToLocalServiceImpl[0;39m - [33m删除文件不存在
[0;39m[35mlogback-[0;39m [31m2020-12-19 15:48:51[0;39m [32m[http-nio-8088-exec-6][0;39m [34mINFO [0;39m [1;35mc.c.m.c.u.i.UploadToLocalServiceImpl[0;39m - [33m删除文件不存在
[0;39m[35mlogback-[0;39m [31m2020-12-19 15:55:13[0;39m [32m[http-nio-8088-exec-7][0;39m [34mINFO [0;39m [1;35mc.c.m.c.u.i.UploadToLocalServiceImpl[0;39m - [33m删除文件不存在
[0;39m[35mlogback-[0;39m [31m2020-12-19 15:57:02[0;39m [32m[http-nio-8088-exec-6][0;39m [34mINFO [0;39m [1;35mc.c.m.c.u.i.UploadToLocalServiceImpl[0;39m - [33m删除文件不存在
[0;39m[35mlogback-[0;39m [31m2020-12-19 15:58:53[0;39m [32m[http-nio-8088-exec-10][0;39m [34mINFO [0;39m [1;35mc.c.m.c.u.i.UploadToLocalServiceImpl[0;39m - [33m删除文件不存在
[0;39m[35mlogback-[0;39m [31m2020-12-19 17:54:36[0;39m [32m[SpringContextShutdownHook][0;39m [34mINFO [0;39m [1;35mo.s.s.c.ThreadPoolTaskExecutor[0;39m - [33mShutting down ExecutorService 'applicationTaskExecutor'
[0;39m[35mlogback-[0;39m [31m2020-12-19 17:54:36[0;39m [32m[SpringContextShutdownHook][0;39m [34mINFO [0;39m [1;35mc.alibaba.druid.pool.DruidDataSource[0;39m - [33m{dataSource-1} closed
[0;39m[35mlogback-[0;39m [31m2020-12-19 17:54:46[0;39m [32m[restartedMain][0;39m [34mINFO [0;39m [1;35mcom.cloud.music.MusicApplication[0;39m - [33mStarting MusicApplication on LAPTOP-RT5PR5EG with PID 11164 (G:\IdeaProject\Music\target\classes started by ASUS in G:\IdeaProject\Music)
[0;39m[35mlogback-[0;39m [31m2020-12-19 17:54:46[0;39m [32m[restartedMain][0;39m [34mINFO [0;39m [1;35mcom.cloud.music.MusicApplication[0;39m - [33mNo active profile set, falling back to default profiles: default
[0;39m[35mlogback-[0;39m [31m2020-12-19 17:54:46[0;39m [32m[restartedMain][0;39m [34mINFO [0;39m [1;35mo.s.b.d.restart.ChangeableUrls[0;39m - [33mThe Class-Path manifest attribute in G:\maven\repository\com\sun\xml\bind\jaxb-impl\2.2.3-1\jaxb-impl-2.2.3-1.jar referenced one or more files that do not exist: file:/G:/maven/repository/com/sun/xml/bind/jaxb-impl/2.2.3-1/jaxb-api.jar,file:/G:/maven/repository/com/sun/xml/bind/jaxb-impl/2.2.3-1/activation.jar,file:/G:/maven/repository/com/sun/xml/bind/jaxb-impl/2.2.3-1/jsr173_1.0_api.jar,file:/G:/maven/repository/com/sun/xml/bind/jaxb-impl/2.2.3-1/jaxb1-impl.jar
[0;39m[35mlogback-[0;39m [31m2020-12-19 17:54:46[0;39m [32m[restartedMain][0;39m [34mINFO [0;39m [1;35mo.s.b.d.e.DevToolsPropertyDefaultsPostProcessor[0;39m - [33mDevtools property defaults active! Set 'spring.devtools.add-properties' to 'false' to disable
[0;39m[35mlogback-[0;39m [31m2020-12-19 17:54:46[0;39m [32m[restartedMain][0;39m [34mINFO [0;39m [1;35mo.s.b.d.e.DevToolsPropertyDefaultsPostProcessor[0;39m - [33mFor additional web related logging consider setting the 'logging.level.web' property to 'DEBUG'
[0;39m[35mlogback-[0;39m [31m2020-12-19 17:54:48[0;39m [32m[restartedMain][0;39m [34mINFO [0;39m [1;35mo.s.b.w.e.tomcat.TomcatWebServer[0;39m - [33mTomcat initialized with port(s): 8088 (http)
[0;39m[35mlogback-[0;39m [31m2020-12-19 17:54:48[0;39m [32m[restartedMain][0;39m [34mINFO [0;39m [1;35mo.a.coyote.http11.Http11NioProtocol[0;39m - [33mInitializing ProtocolHandler ["http-nio-8088"]
[0;39m[35mlogback-[0;39m [31m2020-12-19 17:54:48[0;39m [32m[restartedMain][0;39m [34mINFO [0;39m [1;35mo.a.catalina.core.StandardService[0;39m - [33mStarting service [Tomcat]
[0;39m[35mlogback-[0;39m [31m2020-12-19 17:54:48[0;39m [32m[restartedMain][0;39m [34mINFO [0;39m [1;35mo.a.catalina.core.StandardEngine[0;39m - [33mStarting Servlet engine: [Apache Tomcat/9.0.38]
[0;39m[35mlogback-[0;39m [31m2020-12-19 17:54:48[0;39m [32m[restartedMain][0;39m [34mINFO [0;39m [1;35mo.a.c.c.C.[Tomcat].[localhost].[/][0;39m - [33mInitializing Spring embedded WebApplicationContext
[0;39m[35mlogback-[0;39m [31m2020-12-19 17:54:48[0;39m [32m[restartedMain][0;39m [34mINFO [0;39m [1;35mo.s.b.w.s.c.ServletWebServerApplicationContext[0;39m - [33mRoot WebApplicationContext: initialization completed in 2076 ms
[0;39m[35mlogback-[0;39m [31m2020-12-19 17:54:50[0;39m [32m[restartedMain][0;39m [34mINFO [0;39m [1;35mo.s.s.c.ThreadPoolTaskExecutor[0;39m - [33mInitializing ExecutorService 'applicationTaskExecutor'
[0;39m[35mlogback-[0;39m [31m2020-12-19 17:54:50[0;39m [32m[restartedMain][0;39m [34mINFO [0;39m [1;35mo.s.b.d.a.OptionalLiveReloadServer[0;39m - [33mLiveReload server is running on port 35729
[0;39m[35mlogback-[0;39m [31m2020-12-19 17:54:50[0;39m [32m[restartedMain][0;39m [34mINFO [0;39m [1;35mo.a.coyote.http11.Http11NioProtocol[0;39m - [33mStarting ProtocolHandler ["http-nio-8088"]
[0;39m[35mlogback-[0;39m [31m2020-12-19 17:54:50[0;39m [32m[restartedMain][0;39m [34mINFO [0;39m [1;35mo.s.b.w.e.tomcat.TomcatWebServer[0;39m - [33mTomcat started on port(s): 8088 (http) with context path ''
[0;39m[35mlogback-[0;39m [31m2020-12-19 17:54:50[0;39m [32m[restartedMain][0;39m [34mINFO [0;39m [1;35mcom.cloud.music.MusicApplication[0;39m - [33mStarted MusicApplication in 5.048 seconds (JVM running for 6.737)
[0;39m[35mlogback-[0;39m [31m2020-12-19 17:56:05[0;39m [32m[http-nio-8088-exec-1][0;39m [34mINFO [0;39m [1;35mo.a.c.c.C.[Tomcat].[localhost].[/][0;39m - [33mInitializing Spring DispatcherServlet 'dispatcherServlet'
[0;39m[35mlogback-[0;39m [31m2020-12-19 17:56:05[0;39m [32m[http-nio-8088-exec-1][0;39m [34mINFO [0;39m [1;35mo.s.web.servlet.DispatcherServlet[0;39m - [33mInitializing Servlet 'dispatcherServlet'
[0;39m[35mlogback-[0;39m [31m2020-12-19 17:56:05[0;39m [32m[http-nio-8088-exec-1][0;39m [34mINFO [0;39m [1;35mo.s.web.servlet.DispatcherServlet[0;39m - [33mCompleted initialization in 6 ms
[0;39m[35mlogback-[0;39m [31m2020-12-19 17:57:48[0;39m [32m[restartedMain][0;39m [34mINFO [0;39m [1;35mcom.cloud.music.MusicApplication[0;39m - [33mStarting MusicApplication on LAPTOP-RT5PR5EG with PID 8480 (G:\IdeaProject\Music\target\classes started by ASUS in G:\IdeaProject\Music)
[0;39m[35mlogback-[0;39m [31m2020-12-19 17:57:48[0;39m [32m[restartedMain][0;39m [34mINFO [0;39m [1;35mcom.cloud.music.MusicApplication[0;39m - [33mNo active profile set, falling back to default profiles: default
[0;39m[35mlogback-[0;39m [31m2020-12-19 17:57:49[0;39m [32m[restartedMain][0;39m [34mINFO [0;39m [1;35mo.s.b.d.restart.ChangeableUrls[0;39m - [33mThe Class-Path manifest attribute in G:\maven\repository\com\sun\xml\bind\jaxb-impl\2.2.3-1\jaxb-impl-2.2.3-1.jar referenced one or more files that do not exist: file:/G:/maven/repository/com/sun/xml/bind/jaxb-impl/2.2.3-1/jaxb-api.jar,file:/G:/maven/repository/com/sun/xml/bind/jaxb-impl/2.2.3-1/activation.jar,file:/G:/maven/repository/com/sun/xml/bind/jaxb-impl/2.2.3-1/jsr173_1.0_api.jar,file:/G:/maven/repository/com/sun/xml/bind/jaxb-impl/2.2.3-1/jaxb1-impl.jar
[0;39m[35mlogback-[0;39m [31m2020-12-19 17:57:49[0;39m [32m[restartedMain][0;39m [34mINFO [0;39m [1;35mo.s.b.d.e.DevToolsPropertyDefaultsPostProcessor[0;39m - [33mDevtools property defaults active! Set 'spring.devtools.add-properties' to 'false' to disable
[0;39m[35mlogback-[0;39m [31m2020-12-19 17:57:49[0;39m [32m[restartedMain][0;39m [34mINFO [0;39m [1;35mo.s.b.d.e.DevToolsPropertyDefaultsPostProcessor[0;39m - [33mFor additional web related logging consider setting the 'logging.level.web' property to 'DEBUG'
[0;39m[35mlogback-[0;39m [31m2020-12-19 17:57:50[0;39m [32m[restartedMain][0;39m [34mINFO [0;39m [1;35mo.s.b.w.e.tomcat.TomcatWebServer[0;39m - [33mTomcat initialized with port(s): 8088 (http)
[0;39m[35mlogback-[0;39m [31m2020-12-19 17:57:50[0;39m [32m[restartedMain][0;39m [34mINFO [0;39m [1;35mo.a.coyote.http11.Http11NioProtocol[0;39m - [33mInitializing ProtocolHandler ["http-nio-8088"]
[0;39m[35mlogback-[0;39m [31m2020-12-19 17:57:50[0;39m [32m[restartedMain][0;39m [34mINFO [0;39m [1;35mo.a.catalina.core.StandardService[0;39m - [33mStarting service [Tomcat]
[0;39m[35mlogback-[0;39m [31m2020-12-19 17:57:50[0;39m [32m[restartedMain][0;39m [34mINFO [0;39m [1;35mo.a.catalina.core.StandardEngine[0;39m - [33mStarting Servlet engine: [Apache Tomcat/9.0.38]
[0;39m[35mlogback-[0;39m [31m2020-12-19 17:57:50[0;39m [32m[restartedMain][0;39m [34mINFO [0;39m [1;35mo.a.c.c.C.[Tomcat].[localhost].[/][0;39m - [33mInitializing Spring embedded WebApplicationContext
[0;39m[35mlogback-[0;39m [31m2020-12-19 17:57:50[0;39m [32m[restartedMain][0;39m [34mINFO [0;39m [1;35mo.s.b.w.s.c.ServletWebServerApplicationContext[0;39m - [33mRoot WebApplicationContext: initialization completed in 1897 ms
[0;39m[35mlogback-[0;39m [31m2020-12-19 17:57:52[0;39m [32m[restartedMain][0;39m [34mINFO [0;39m [1;35mo.s.s.c.ThreadPoolTaskExecutor[0;39m - [33mInitializing ExecutorService 'applicationTaskExecutor'
[0;39m[35mlogback-[0;39m [31m2020-12-19 17:57:52[0;39m [32m[restartedMain][0;39m [34mINFO [0;39m [1;35mo.s.b.d.a.OptionalLiveReloadServer[0;39m - [33mLiveReload server is running on port 35729
[0;39m[35mlogback-[0;39m [31m2020-12-19 17:57:53[0;39m [32m[restartedMain][0;39m [34mINFO [0;39m [1;35mo.a.coyote.http11.Http11NioProtocol[0;39m - [33mStarting ProtocolHandler ["http-nio-8088"]
[0;39m[35mlogback-[0;39m [31m2020-12-19 17:57:53[0;39m [32m[restartedMain][0;39m [34mINFO [0;39m [1;35mo.s.b.w.e.tomcat.TomcatWebServer[0;39m - [33mTomcat started on port(s): 8088 (http) with context path ''
[0;39m[35mlogback-[0;39m [31m2020-12-19 17:57:53[0;39m [32m[restartedMain][0;39m [34mINFO [0;39m [1;35mcom.cloud.music.MusicApplication[0;39m - [33mStarted MusicApplication in 5.123 seconds (JVM running for 6.869)
[0;39m[35mlogback-[0;39m [31m2020-12-19 17:57:56[0;39m [32m[http-nio-8088-exec-1][0;39m [34mINFO [0;39m [1;35mo.a.c.c.C.[Tomcat].[localhost].[/][0;39m - [33mInitializing Spring DispatcherServlet 'dispatcherServlet'
[0;39m[35mlogback-[0;39m [31m2020-12-19 17:57:56[0;39m [32m[http-nio-8088-exec-1][0;39m [34mINFO [0;39m [1;35mo.s.web.servlet.DispatcherServlet[0;39m - [33mInitializing Servlet 'dispatcherServlet'
[0;39m[35mlogback-[0;39m [31m2020-12-19 17:57:56[0;39m [32m[http-nio-8088-exec-1][0;39m [34mINFO [0;39m [1;35mo.s.web.servlet.DispatcherServlet[0;39m - [33mCompleted initialization in 6 ms
[0;39m[35mlogback-[0;39m [31m2020-12-19 18:00:23[0;39m [32m[http-nio-8088-exec-9][0;39m [34mINFO [0;39m [1;35mc.alibaba.druid.pool.DruidDataSource[0;39m - [33m{dataSource-1} inited
[0;39m[35mlogback-[0;39m [31m2020-12-19 18:01:40[0;39m [32m[restartedMain][0;39m [34mINFO [0;39m [1;35mcom.cloud.music.MusicApplication[0;39m - [33mStarting MusicApplication on LAPTOP-RT5PR5EG with PID 10912 (G:\IdeaProject\Music\target\classes started by ASUS in G:\IdeaProject\Music)
[0;39m[35mlogback-[0;39m [31m2020-12-19 18:01:40[0;39m [32m[restartedMain][0;39m [34mINFO [0;39m [1;35mcom.cloud.music.MusicApplication[0;39m - [33mNo active profile set, falling back to default profiles: default
[0;39m[35mlogback-[0;39m [31m2020-12-19 18:01:40[0;39m [32m[restartedMain][0;39m [34mINFO [0;39m [1;35mo.s.b.d.restart.ChangeableUrls[0;39m - [33mThe Class-Path manifest attribute in G:\maven\repository\com\sun\xml\bind\jaxb-impl\2.2.3-1\jaxb-impl-2.2.3-1.jar referenced one or more files that do not exist: file:/G:/maven/repository/com/sun/xml/bind/jaxb-impl/2.2.3-1/jaxb-api.jar,file:/G:/maven/repository/com/sun/xml/bind/jaxb-impl/2.2.3-1/activation.jar,file:/G:/maven/repository/com/sun/xml/bind/jaxb-impl/2.2.3-1/jsr173_1.0_api.jar,file:/G:/maven/repository/com/sun/xml/bind/jaxb-impl/2.2.3-1/jaxb1-impl.jar
[0;39m[35mlogback-[0;39m [31m2020-12-19 18:01:40[0;39m [32m[restartedMain][0;39m [34mINFO [0;39m [1;35mo.s.b.d.e.DevToolsPropertyDefaultsPostProcessor[0;39m - [33mDevtools property defaults active! Set 'spring.devtools.add-properties' to 'false' to disable
[0;39m[35mlogback-[0;39m [31m2020-12-19 18:01:40[0;39m [32m[restartedMain][0;39m [34mINFO [0;39m [1;35mo.s.b.d.e.DevToolsPropertyDefaultsPostProcessor[0;39m - [33mFor additional web related logging consider setting the 'logging.level.web' property to 'DEBUG'
[0;39m[35mlogback-[0;39m [31m2020-12-19 18:01:42[0;39m [32m[restartedMain][0;39m [34mINFO [0;39m [1;35mo.s.b.w.e.tomcat.TomcatWebServer[0;39m - [33mTomcat initialized with port(s): 8088 (http)
[0;39m[35mlogback-[0;39m [31m2020-12-19 18:01:42[0;39m [32m[restartedMain][0;39m [34mINFO [0;39m [1;35mo.a.coyote.http11.Http11NioProtocol[0;39m - [33mInitializing ProtocolHandler ["http-nio-8088"]
[0;39m[35mlogback-[0;39m [31m2020-12-19 18:01:42[0;39m [32m[restartedMain][0;39m [34mINFO [0;39m [1;35mo.a.catalina.core.StandardService[0;39m - [33mStarting service [Tomcat]
[0;39m[35mlogback-[0;39m [31m2020-12-19 18:01:42[0;39m [32m[restartedMain][0;39m [34mINFO [0;39m [1;35mo.a.catalina.core.StandardEngine[0;39m - [33mStarting Servlet engine: [Apache Tomcat/9.0.38]
[0;39m[35mlogback-[0;39m [31m2020-12-19 18:01:42[0;39m [32m[restartedMain][0;39m [34mINFO [0;39m [1;35mo.a.c.c.C.[Tomcat].[localhost].[/][0;39m - [33mInitializing Spring embedded WebApplicationContext
[0;39m[35mlogback-[0;39m [31m2020-12-19 18:01:42[0;39m [32m[restartedMain][0;39m [34mINFO [0;39m [1;35mo.s.b.w.s.c.ServletWebServerApplicationContext[0;39m - [33mRoot WebApplicationContext: initialization completed in 1591 ms
[0;39m[35mlogback-[0;39m [31m2020-12-19 18:01:44[0;39m [32m[restartedMain][0;39m [34mINFO [0;39m [1;35mo.s.s.c.ThreadPoolTaskExecutor[0;39m - [33mInitializing ExecutorService 'applicationTaskExecutor'
[0;39m[35mlogback-[0;39m [31m2020-12-19 18:01:44[0;39m [32m[restartedMain][0;39m [34mINFO [0;39m [1;35mo.s.b.d.a.OptionalLiveReloadServer[0;39m - [33mLiveReload server is running on port 35729
[0;39m[35mlogback-[0;39m [31m2020-12-19 18:01:44[0;39m [32m[restartedMain][0;39m [34mINFO [0;39m [1;35mo.a.coyote.http11.Http11NioProtocol[0;39m - [33mStarting ProtocolHandler ["http-nio-8088"]
[0;39m[35mlogback-[0;39m [31m2020-12-19 18:01:44[0;39m [32m[restartedMain][0;39m [34mINFO [0;39m [1;35mo.s.b.w.e.tomcat.TomcatWebServer[0;39m - [33mTomcat started on port(s): 8088 (http) with context path ''
[0;39m[35mlogback-[0;39m [31m2020-12-19 18:01:44[0;39m [32m[restartedMain][0;39m [34mINFO [0;39m [1;35mcom.cloud.music.MusicApplication[0;39m - [33mStarted MusicApplication in 4.412 seconds (JVM running for 5.636)
[0;39m[35mlogback-[0;39m [31m2020-12-19 18:01:56[0;39m [32m[http-nio-8088-exec-1][0;39m [34mINFO [0;39m [1;35mo.a.c.c.C.[Tomcat].[localhost].[/][0;39m - [33mInitializing Spring DispatcherServlet 'dispatcherServlet'
[0;39m[35mlogback-[0;39m [31m2020-12-19 18:01:56[0;39m [32m[http-nio-8088-exec-1][0;39m [34mINFO [0;39m [1;35mo.s.web.servlet.DispatcherServlet[0;39m - [33mInitializing Servlet 'dispatcherServlet'
[0;39m[35mlogback-[0;39m [31m2020-12-19 18:01:56[0;39m [32m[http-nio-8088-exec-1][0;39m [34mINFO [0;39m [1;35mo.s.web.servlet.DispatcherServlet[0;39m - [33mCompleted initialization in 7 ms
[0;39m[35mlogback-[0;39m [31m2020-12-19 18:01:56[0;39m [32m[http-nio-8088-exec-1][0;39m [34mINFO [0;39m [1;35mc.alibaba.druid.pool.DruidDataSource[0;39m - [33m{dataSource-1} inited
[0;39m